[2023-09-15 09:34:08,291][finetune_t5.py][line:61][INFO] Namespace(batch_size=5, cache_dir='./google/flan-t5-xl', data_path='./data/', dataset='FEVER', db_path='./data/Wikipedia/data/wikipedia.db', device='cuda:3', epoch=10, gpu=3, learning_rate=0.001, log_path='./logs/', lr_warmup_steps=10, model_name='google/flan-t5-xl', save_model_path='./model/finetuned_t5_', shot=10, use_Adafactor=True, use_AdafactorSchedule=True, way=3, weight_decay=0.0001)
[2023-09-15 09:34:08,333][finetune_t5.py][line:67][INFO] loading data......
[2023-09-15 09:34:09,038][finetune_t5.py][line:89][INFO] loading model......
[2023-09-15 09:34:37,340][finetune_t5.py][line:144][INFO] [train epoch 0] lr: 0.00000, loss: 23.401, acc: 0.800
[2023-09-15 09:34:37,791][finetune_t5.py][line:144][INFO] [train epoch 0] lr: 0.00000, loss: 20.082, acc: 0.600
[2023-09-15 09:34:38,324][finetune_t5.py][line:144][INFO] [train epoch 0] lr: 0.00000, loss: 13.456, acc: 0.733
[2023-09-15 09:34:38,762][finetune_t5.py][line:144][INFO] [train epoch 0] lr: 0.00000, loss: 12.533, acc: 0.750
[2023-09-15 09:34:39,204][finetune_t5.py][line:144][INFO] [train epoch 0] lr: 0.00000, loss: 12.445, acc: 0.720
[2023-09-15 09:34:39,648][finetune_t5.py][line:144][INFO] [train epoch 0] lr: 0.00000, loss: 14.692, acc: 0.667
[2023-09-15 09:34:39,951][finetune_t5.py][line:42][INFO] The predicted label is not in label_id_list, its index is ['true']
[2023-09-15 09:34:39,954][finetune_t5.py][line:52][INFO] [valid epoch 0] acc: 1.000, macro_f1: 1.000, micro_f1: 1.000, weighted_f1: 1.000
[2023-09-15 09:34:40,036][finetune_t5.py][line:42][INFO] The predicted label is not in label_id_list, its index is ['un']
[2023-09-15 09:34:40,040][finetune_t5.py][line:52][INFO] [valid epoch 0] acc: 1.000, macro_f1: 1.000, micro_f1: 1.000, weighted_f1: 1.000
[2023-09-15 09:34:40,139][finetune_t5.py][line:42][INFO] The predicted label is not in label_id_list, its index is ['false']
[2023-09-15 09:34:40,142][finetune_t5.py][line:52][INFO] [valid epoch 0] acc: 1.000, macro_f1: 1.000, micro_f1: 1.000, weighted_f1: 1.000
[2023-09-15 09:34:40,225][finetune_t5.py][line:42][INFO] The predicted label is not in label_id_list, its index is ['false']
[2023-09-15 09:34:40,229][finetune_t5.py][line:52][INFO] [valid epoch 0] acc: 1.000, macro_f1: 1.000, micro_f1: 1.000, weighted_f1: 1.000
[2023-09-15 09:34:40,310][finetune_t5.py][line:42][INFO] The predicted label is not in label_id_list, its index is ['true']
[2023-09-15 09:34:40,313][finetune_t5.py][line:52][INFO] [valid epoch 0] acc: 1.000, macro_f1: 1.000, micro_f1: 1.000, weighted_f1: 1.000
[2023-09-15 09:34:40,397][finetune_t5.py][line:42][INFO] The predicted label is not in label_id_list, its index is ['false']
[2023-09-15 09:34:40,400][finetune_t5.py][line:52][INFO] [valid epoch 0] acc: 1.000, macro_f1: 1.000, micro_f1: 1.000, weighted_f1: 1.000
[2023-09-15 09:34:40,481][finetune_t5.py][line:42][INFO] The predicted label is not in label_id_list, its index is ['false']
[2023-09-15 09:34:40,484][finetune_t5.py][line:52][INFO] [valid epoch 0] acc: 0.857, macro_f1: 0.841, micro_f1: 0.857, weighted_f1: 0.844
[2023-09-15 09:34:40,565][finetune_t5.py][line:42][INFO] The predicted label is not in label_id_list, its index is ['false']
[2023-09-15 09:34:40,568][finetune_t5.py][line:52][INFO] [valid epoch 0] acc: 0.875, macro_f1: 0.852, micro_f1: 0.875, weighted_f1: 0.861
[2023-09-15 09:34:40,650][finetune_t5.py][line:42][INFO] The predicted label is not in label_id_list, its index is ['false']
[2023-09-15 09:34:40,653][finetune_t5.py][line:52][INFO] [valid epoch 0] acc: 0.778, macro_f1: 0.767, micro_f1: 0.778, weighted_f1: 0.744
[2023-09-15 09:34:40,734][finetune_t5.py][line:42][INFO] The predicted label is not in label_id_list, its index is ['false']
[2023-09-15 09:34:40,736][finetune_t5.py][line:52][INFO] [valid epoch 0] acc: 0.700, macro_f1: 0.709, micro_f1: 0.700, weighted_f1: 0.651
[2023-09-15 09:34:40,818][finetune_t5.py][line:42][INFO] The predicted label is not in label_id_list, its index is ['true']
[2023-09-15 09:34:40,821][finetune_t5.py][line:52][INFO] [valid epoch 0] acc: 0.727, macro_f1: 0.709, micro_f1: 0.727, weighted_f1: 0.683
[2023-09-15 09:34:40,902][finetune_t5.py][line:42][INFO] The predicted label is not in label_id_list, its index is ['false']
[2023-09-15 09:34:40,905][finetune_t5.py][line:52][INFO] [valid epoch 0] acc: 0.750, macro_f1: 0.723, micro_f1: 0.750, weighted_f1: 0.704
[2023-09-15 09:34:40,989][finetune_t5.py][line:42][INFO] The predicted label is not in label_id_list, its index is ['true']
[2023-09-15 09:34:40,992][finetune_t5.py][line:52][INFO] [valid epoch 0] acc: 0.769, macro_f1: 0.723, micro_f1: 0.769, weighted_f1: 0.727
[2023-09-15 09:34:41,074][finetune_t5.py][line:42][INFO] The predicted label is not in label_id_list, its index is ['false']
[2023-09-15 09:34:41,076][finetune_t5.py][line:52][INFO] [valid epoch 0] acc: 0.786, macro_f1: 0.733, micro_f1: 0.786, weighted_f1: 0.743
[2023-09-15 09:34:41,162][finetune_t5.py][line:42][INFO] The predicted label is not in label_id_list, its index is ['false']
[2023-09-15 09:34:41,165][finetune_t5.py][line:52][INFO] [valid epoch 0] acc: 0.800, macro_f1: 0.741, micro_f1: 0.800, weighted_f1: 0.758
[2023-09-15 09:34:41,248][finetune_t5.py][line:42][INFO] The predicted label is not in label_id_list, its index is ['un']
[2023-09-15 09:34:41,251][finetune_t5.py][line:52][INFO] [valid epoch 0] acc: 0.812, macro_f1: 0.798, micro_f1: 0.812, weighted_f1: 0.789
[2023-09-15 09:34:41,338][finetune_t5.py][line:42][INFO] The predicted label is not in label_id_list, its index is ['un']
[2023-09-15 09:34:41,343][finetune_t5.py][line:52][INFO] [valid epoch 0] acc: 0.824, macro_f1: 0.830, micro_f1: 0.824, weighted_f1: 0.810
[2023-09-15 09:34:41,451][finetune_t5.py][line:42][INFO] The predicted label is not in label_id_list, its index is ['false']
[2023-09-15 09:34:41,454][finetune_t5.py][line:52][INFO] [valid epoch 0] acc: 0.833, macro_f1: 0.836, micro_f1: 0.833, weighted_f1: 0.819
[2023-09-15 09:34:41,535][finetune_t5.py][line:42][INFO] The predicted label is not in label_id_list, its index is ['true']
[2023-09-15 09:34:41,538][finetune_t5.py][line:52][INFO] [valid epoch 0] acc: 0.842, macro_f1: 0.836, micro_f1: 0.842, weighted_f1: 0.828
[2023-09-15 09:34:41,617][finetune_t5.py][line:42][INFO] The predicted label is not in label_id_list, its index is ['un']
[2023-09-15 09:34:41,620][finetune_t5.py][line:52][INFO] [valid epoch 0] acc: 0.850, macro_f1: 0.856, micro_f1: 0.850, weighted_f1: 0.841
[2023-09-15 09:34:41,706][finetune_t5.py][line:42][INFO] The predicted label is not in label_id_list, its index is ['true']
[2023-09-15 09:34:41,709][finetune_t5.py][line:52][INFO] [valid epoch 0] acc: 0.857, macro_f1: 0.856, micro_f1: 0.857, weighted_f1: 0.849
[2023-09-15 09:34:41,790][finetune_t5.py][line:42][INFO] The predicted label is not in label_id_list, its index is ['true']
[2023-09-15 09:34:41,793][finetune_t5.py][line:52][INFO] [valid epoch 0] acc: 0.864, macro_f1: 0.856, micro_f1: 0.864, weighted_f1: 0.856
[2023-09-15 09:34:41,875][finetune_t5.py][line:42][INFO] The predicted label is not in label_id_list, its index is ['true']
[2023-09-15 09:34:41,878][finetune_t5.py][line:52][INFO] [valid epoch 0] acc: 0.870, macro_f1: 0.856, micro_f1: 0.870, weighted_f1: 0.862
[2023-09-15 09:34:41,959][finetune_t5.py][line:42][INFO] The predicted label is not in label_id_list, its index is ['false']
[2023-09-15 09:34:41,961][finetune_t5.py][line:52][INFO] [valid epoch 0] acc: 0.875, macro_f1: 0.861, micro_f1: 0.875, weighted_f1: 0.867
[2023-09-15 09:34:42,042][finetune_t5.py][line:42][INFO] The predicted label is not in label_id_list, its index is ['false']
[2023-09-15 09:34:42,045][finetune_t5.py][line:52][INFO] [valid epoch 0] acc: 0.880, macro_f1: 0.866, micro_f1: 0.880, weighted_f1: 0.871
[2023-09-15 09:34:42,125][finetune_t5.py][line:42][INFO] The predicted label is not in label_id_list, its index is ['un']
[2023-09-15 09:34:42,128][finetune_t5.py][line:52][INFO] [valid epoch 0] acc: 0.885, macro_f1: 0.880, micro_f1: 0.885, weighted_f1: 0.879
[2023-09-15 09:34:42,209][finetune_t5.py][line:42][INFO] The predicted label is not in label_id_list, its index is ['false']
[2023-09-15 09:34:42,212][finetune_t5.py][line:52][INFO] [valid epoch 0] acc: 0.852, macro_f1: 0.849, micro_f1: 0.852, weighted_f1: 0.843
[2023-09-15 09:34:42,292][finetune_t5.py][line:42][INFO] The predicted label is not in label_id_list, its index is ['un']
[2023-09-15 09:34:42,294][finetune_t5.py][line:52][INFO] [valid epoch 0] acc: 0.857, macro_f1: 0.861, micro_f1: 0.857, weighted_f1: 0.851
[2023-09-15 09:34:42,374][finetune_t5.py][line:42][INFO] The predicted label is not in label_id_list, its index is ['true']
[2023-09-15 09:34:42,377][finetune_t5.py][line:52][INFO] [valid epoch 0] acc: 0.862, macro_f1: 0.861, micro_f1: 0.862, weighted_f1: 0.856
[2023-09-15 09:34:42,457][finetune_t5.py][line:42][INFO] The predicted label is not in label_id_list, its index is ['true']
[2023-09-15 09:34:42,460][finetune_t5.py][line:52][INFO] [valid epoch 0] acc: 0.867, macro_f1: 0.861, micro_f1: 0.867, weighted_f1: 0.861
[2023-09-15 09:34:42,460][finetune_t5.py][line:154][INFO] save model at epoch 0, macro_f1: 0.8666666666666667
[2023-09-15 09:35:02,438][finetune_t5.py][line:144][INFO] [train epoch 1] lr: 0.00000, loss: 21.705, acc: 1.000
[2023-09-15 09:35:02,875][finetune_t5.py][line:144][INFO] [train epoch 1] lr: 0.00000, loss: 19.097, acc: 1.000
[2023-09-15 09:35:03,408][finetune_t5.py][line:144][INFO] [train epoch 1] lr: 0.00000, loss: 12.794, acc: 0.933
[2023-09-15 09:35:03,851][finetune_t5.py][line:144][INFO] [train epoch 1] lr: 0.00000, loss: 12.437, acc: 0.800
[2023-09-15 09:35:04,300][finetune_t5.py][line:144][INFO] [train epoch 1] lr: 0.00000, loss: 12.452, acc: 0.720
[2023-09-15 09:35:04,751][finetune_t5.py][line:144][INFO] [train epoch 1] lr: 0.00000, loss: 14.027, acc: 0.733
[2023-09-15 09:35:05,059][finetune_t5.py][line:42][INFO] The predicted label is not in label_id_list, its index is ['true']
[2023-09-15 09:35:05,064][finetune_t5.py][line:52][INFO] [valid epoch 1] acc: 1.000, macro_f1: 1.000, micro_f1: 1.000, weighted_f1: 1.000
[2023-09-15 09:35:05,160][finetune_t5.py][line:42][INFO] The predicted label is not in label_id_list, its index is ['un']
[2023-09-15 09:35:05,163][finetune_t5.py][line:52][INFO] [valid epoch 1] acc: 1.000, macro_f1: 1.000, micro_f1: 1.000, weighted_f1: 1.000
[2023-09-15 09:35:05,254][finetune_t5.py][line:42][INFO] The predicted label is not in label_id_list, its index is ['false']
[2023-09-15 09:35:05,256][finetune_t5.py][line:52][INFO] [valid epoch 1] acc: 1.000, macro_f1: 1.000, micro_f1: 1.000, weighted_f1: 1.000
[2023-09-15 09:35:05,335][finetune_t5.py][line:42][INFO] The predicted label is not in label_id_list, its index is ['false']
[2023-09-15 09:35:05,337][finetune_t5.py][line:52][INFO] [valid epoch 1] acc: 1.000, macro_f1: 1.000, micro_f1: 1.000, weighted_f1: 1.000
[2023-09-15 09:35:05,413][finetune_t5.py][line:42][INFO] The predicted label is not in label_id_list, its index is ['true']
[2023-09-15 09:35:05,416][finetune_t5.py][line:52][INFO] [valid epoch 1] acc: 1.000, macro_f1: 1.000, micro_f1: 1.000, weighted_f1: 1.000
[2023-09-15 09:35:05,490][finetune_t5.py][line:42][INFO] The predicted label is not in label_id_list, its index is ['false']
[2023-09-15 09:35:05,492][finetune_t5.py][line:52][INFO] [valid epoch 1] acc: 1.000, macro_f1: 1.000, micro_f1: 1.000, weighted_f1: 1.000
[2023-09-15 09:35:05,568][finetune_t5.py][line:42][INFO] The predicted label is not in label_id_list, its index is ['false']
[2023-09-15 09:35:05,570][finetune_t5.py][line:52][INFO] [valid epoch 1] acc: 0.857, macro_f1: 0.841, micro_f1: 0.857, weighted_f1: 0.844
[2023-09-15 09:35:05,647][finetune_t5.py][line:42][INFO] The predicted label is not in label_id_list, its index is ['false']
[2023-09-15 09:35:05,649][finetune_t5.py][line:52][INFO] [valid epoch 1] acc: 0.875, macro_f1: 0.852, micro_f1: 0.875, weighted_f1: 0.861
[2023-09-15 09:35:05,725][finetune_t5.py][line:42][INFO] The predicted label is not in label_id_list, its index is ['false']
[2023-09-15 09:35:05,727][finetune_t5.py][line:52][INFO] [valid epoch 1] acc: 0.778, macro_f1: 0.767, micro_f1: 0.778, weighted_f1: 0.744
[2023-09-15 09:35:05,802][finetune_t5.py][line:42][INFO] The predicted label is not in label_id_list, its index is ['false']
[2023-09-15 09:35:05,804][finetune_t5.py][line:52][INFO] [valid epoch 1] acc: 0.700, macro_f1: 0.709, micro_f1: 0.700, weighted_f1: 0.651
[2023-09-15 09:35:05,878][finetune_t5.py][line:42][INFO] The predicted label is not in label_id_list, its index is ['true']
[2023-09-15 09:35:05,880][finetune_t5.py][line:52][INFO] [valid epoch 1] acc: 0.727, macro_f1: 0.709, micro_f1: 0.727, weighted_f1: 0.683
[2023-09-15 09:35:05,953][finetune_t5.py][line:42][INFO] The predicted label is not in label_id_list, its index is ['false']
[2023-09-15 09:35:05,955][finetune_t5.py][line:52][INFO] [valid epoch 1] acc: 0.750, macro_f1: 0.723, micro_f1: 0.750, weighted_f1: 0.704
[2023-09-15 09:35:06,031][finetune_t5.py][line:42][INFO] The predicted label is not in label_id_list, its index is ['true']
[2023-09-15 09:35:06,033][finetune_t5.py][line:52][INFO] [valid epoch 1] acc: 0.769, macro_f1: 0.723, micro_f1: 0.769, weighted_f1: 0.727
[2023-09-15 09:35:06,107][finetune_t5.py][line:42][INFO] The predicted label is not in label_id_list, its index is ['false']
[2023-09-15 09:35:06,110][finetune_t5.py][line:52][INFO] [valid epoch 1] acc: 0.786, macro_f1: 0.733, micro_f1: 0.786, weighted_f1: 0.743
[2023-09-15 09:35:06,186][finetune_t5.py][line:42][INFO] The predicted label is not in label_id_list, its index is ['false']
[2023-09-15 09:35:06,188][finetune_t5.py][line:52][INFO] [valid epoch 1] acc: 0.800, macro_f1: 0.741, micro_f1: 0.800, weighted_f1: 0.758
[2023-09-15 09:35:06,262][finetune_t5.py][line:42][INFO] The predicted label is not in label_id_list, its index is ['un']
[2023-09-15 09:35:06,264][finetune_t5.py][line:52][INFO] [valid epoch 1] acc: 0.812, macro_f1: 0.798, micro_f1: 0.812, weighted_f1: 0.789
[2023-09-15 09:35:06,338][finetune_t5.py][line:42][INFO] The predicted label is not in label_id_list, its index is ['un']
[2023-09-15 09:35:06,341][finetune_t5.py][line:52][INFO] [valid epoch 1] acc: 0.824, macro_f1: 0.830, micro_f1: 0.824, weighted_f1: 0.810
[2023-09-15 09:35:06,413][finetune_t5.py][line:42][INFO] The predicted label is not in label_id_list, its index is ['false']
[2023-09-15 09:35:06,415][finetune_t5.py][line:52][INFO] [valid epoch 1] acc: 0.833, macro_f1: 0.836, micro_f1: 0.833, weighted_f1: 0.819
[2023-09-15 09:35:06,487][finetune_t5.py][line:42][INFO] The predicted label is not in label_id_list, its index is ['true']
[2023-09-15 09:35:06,490][finetune_t5.py][line:52][INFO] [valid epoch 1] acc: 0.842, macro_f1: 0.836, micro_f1: 0.842, weighted_f1: 0.828
[2023-09-15 09:35:06,564][finetune_t5.py][line:42][INFO] The predicted label is not in label_id_list, its index is ['un']
[2023-09-15 09:35:06,569][finetune_t5.py][line:52][INFO] [valid epoch 1] acc: 0.850, macro_f1: 0.856, micro_f1: 0.850, weighted_f1: 0.841
[2023-09-15 09:35:06,647][finetune_t5.py][line:42][INFO] The predicted label is not in label_id_list, its index is ['true']
[2023-09-15 09:35:06,649][finetune_t5.py][line:52][INFO] [valid epoch 1] acc: 0.857, macro_f1: 0.856, micro_f1: 0.857, weighted_f1: 0.849
[2023-09-15 09:35:06,721][finetune_t5.py][line:42][INFO] The predicted label is not in label_id_list, its index is ['true']
[2023-09-15 09:35:06,724][finetune_t5.py][line:52][INFO] [valid epoch 1] acc: 0.864, macro_f1: 0.856, micro_f1: 0.864, weighted_f1: 0.856
[2023-09-15 09:35:06,796][finetune_t5.py][line:42][INFO] The predicted label is not in label_id_list, its index is ['true']
[2023-09-15 09:35:06,798][finetune_t5.py][line:52][INFO] [valid epoch 1] acc: 0.870, macro_f1: 0.856, micro_f1: 0.870, weighted_f1: 0.862
[2023-09-15 09:35:06,870][finetune_t5.py][line:42][INFO] The predicted label is not in label_id_list, its index is ['false']
[2023-09-15 09:35:06,872][finetune_t5.py][line:52][INFO] [valid epoch 1] acc: 0.875, macro_f1: 0.861, micro_f1: 0.875, weighted_f1: 0.867
[2023-09-15 09:35:06,944][finetune_t5.py][line:42][INFO] The predicted label is not in label_id_list, its index is ['false']
[2023-09-15 09:35:06,947][finetune_t5.py][line:52][INFO] [valid epoch 1] acc: 0.880, macro_f1: 0.866, micro_f1: 0.880, weighted_f1: 0.871
[2023-09-15 09:35:07,021][finetune_t5.py][line:42][INFO] The predicted label is not in label_id_list, its index is ['un']
[2023-09-15 09:35:07,026][finetune_t5.py][line:52][INFO] [valid epoch 1] acc: 0.885, macro_f1: 0.880, micro_f1: 0.885, weighted_f1: 0.879
[2023-09-15 09:35:07,100][finetune_t5.py][line:42][INFO] The predicted label is not in label_id_list, its index is ['false']
[2023-09-15 09:35:07,103][finetune_t5.py][line:52][INFO] [valid epoch 1] acc: 0.852, macro_f1: 0.849, micro_f1: 0.852, weighted_f1: 0.843
[2023-09-15 09:35:07,176][finetune_t5.py][line:42][INFO] The predicted label is not in label_id_list, its index is ['un']
[2023-09-15 09:35:07,178][finetune_t5.py][line:52][INFO] [valid epoch 1] acc: 0.857, macro_f1: 0.861, micro_f1: 0.857, weighted_f1: 0.851
[2023-09-15 09:35:07,252][finetune_t5.py][line:42][INFO] The predicted label is not in label_id_list, its index is ['true']
[2023-09-15 09:35:07,254][finetune_t5.py][line:52][INFO] [valid epoch 1] acc: 0.862, macro_f1: 0.861, micro_f1: 0.862, weighted_f1: 0.856
[2023-09-15 09:35:07,326][finetune_t5.py][line:42][INFO] The predicted label is not in label_id_list, its index is ['true']
[2023-09-15 09:35:07,328][finetune_t5.py][line:52][INFO] [valid epoch 1] acc: 0.867, macro_f1: 0.861, micro_f1: 0.867, weighted_f1: 0.861
[2023-09-15 09:35:07,576][finetune_t5.py][line:144][INFO] [train epoch 2] lr: 0.00000, loss: 21.414, acc: 0.800
[2023-09-15 09:35:08,018][finetune_t5.py][line:144][INFO] [train epoch 2] lr: 0.00000, loss: 18.756, acc: 0.800
[2023-09-15 09:35:08,556][finetune_t5.py][line:144][INFO] [train epoch 2] lr: 0.00000, loss: 12.533, acc: 0.867
[2023-09-15 09:35:08,992][finetune_t5.py][line:144][INFO] [train epoch 2] lr: 0.00000, loss: 11.866, acc: 0.800
[2023-09-15 09:35:09,435][finetune_t5.py][line:144][INFO] [train epoch 2] lr: 0.00000, loss: 11.951, acc: 0.840
[2023-09-15 09:35:09,882][finetune_t5.py][line:144][INFO] [train epoch 2] lr: 0.00000, loss: 13.518, acc: 0.867
[2023-09-15 09:35:10,160][finetune_t5.py][line:42][INFO] The predicted label is not in label_id_list, its index is ['true']
[2023-09-15 09:35:10,163][finetune_t5.py][line:52][INFO] [valid epoch 2] acc: 1.000, macro_f1: 1.000, micro_f1: 1.000, weighted_f1: 1.000
[2023-09-15 09:35:10,235][finetune_t5.py][line:42][INFO] The predicted label is not in label_id_list, its index is ['un']
[2023-09-15 09:35:10,238][finetune_t5.py][line:52][INFO] [valid epoch 2] acc: 1.000, macro_f1: 1.000, micro_f1: 1.000, weighted_f1: 1.000
[2023-09-15 09:35:10,327][finetune_t5.py][line:42][INFO] The predicted label is not in label_id_list, its index is ['false']
[2023-09-15 09:35:10,329][finetune_t5.py][line:52][INFO] [valid epoch 2] acc: 1.000, macro_f1: 1.000, micro_f1: 1.000, weighted_f1: 1.000
[2023-09-15 09:35:10,402][finetune_t5.py][line:42][INFO] The predicted label is not in label_id_list, its index is ['false']
[2023-09-15 09:35:10,404][finetune_t5.py][line:52][INFO] [valid epoch 2] acc: 1.000, macro_f1: 1.000, micro_f1: 1.000, weighted_f1: 1.000
[2023-09-15 09:35:10,475][finetune_t5.py][line:42][INFO] The predicted label is not in label_id_list, its index is ['true']
[2023-09-15 09:35:10,477][finetune_t5.py][line:52][INFO] [valid epoch 2] acc: 1.000, macro_f1: 1.000, micro_f1: 1.000, weighted_f1: 1.000
[2023-09-15 09:35:10,548][finetune_t5.py][line:42][INFO] The predicted label is not in label_id_list, its index is ['false']
[2023-09-15 09:35:10,550][finetune_t5.py][line:52][INFO] [valid epoch 2] acc: 1.000, macro_f1: 1.000, micro_f1: 1.000, weighted_f1: 1.000
[2023-09-15 09:35:10,621][finetune_t5.py][line:42][INFO] The predicted label is not in label_id_list, its index is ['false']
[2023-09-15 09:35:10,623][finetune_t5.py][line:52][INFO] [valid epoch 2] acc: 0.857, macro_f1: 0.841, micro_f1: 0.857, weighted_f1: 0.844
[2023-09-15 09:35:10,693][finetune_t5.py][line:42][INFO] The predicted label is not in label_id_list, its index is ['false']
[2023-09-15 09:35:10,695][finetune_t5.py][line:52][INFO] [valid epoch 2] acc: 0.875, macro_f1: 0.852, micro_f1: 0.875, weighted_f1: 0.861
[2023-09-15 09:35:10,769][finetune_t5.py][line:42][INFO] The predicted label is not in label_id_list, its index is ['false']
[2023-09-15 09:35:10,771][finetune_t5.py][line:52][INFO] [valid epoch 2] acc: 0.778, macro_f1: 0.767, micro_f1: 0.778, weighted_f1: 0.744
[2023-09-15 09:35:10,844][finetune_t5.py][line:42][INFO] The predicted label is not in label_id_list, its index is ['false']
[2023-09-15 09:35:10,846][finetune_t5.py][line:52][INFO] [valid epoch 2] acc: 0.700, macro_f1: 0.709, micro_f1: 0.700, weighted_f1: 0.651
[2023-09-15 09:35:10,917][finetune_t5.py][line:42][INFO] The predicted label is not in label_id_list, its index is ['true']
[2023-09-15 09:35:10,918][finetune_t5.py][line:52][INFO] [valid epoch 2] acc: 0.727, macro_f1: 0.709, micro_f1: 0.727, weighted_f1: 0.683
[2023-09-15 09:35:10,989][finetune_t5.py][line:42][INFO] The predicted label is not in label_id_list, its index is ['false']
[2023-09-15 09:35:10,991][finetune_t5.py][line:52][INFO] [valid epoch 2] acc: 0.750, macro_f1: 0.723, micro_f1: 0.750, weighted_f1: 0.704
[2023-09-15 09:35:11,067][finetune_t5.py][line:42][INFO] The predicted label is not in label_id_list, its index is ['true']
[2023-09-15 09:35:11,068][finetune_t5.py][line:52][INFO] [valid epoch 2] acc: 0.769, macro_f1: 0.723, micro_f1: 0.769, weighted_f1: 0.727
[2023-09-15 09:35:11,139][finetune_t5.py][line:42][INFO] The predicted label is not in label_id_list, its index is ['false']
[2023-09-15 09:35:11,140][finetune_t5.py][line:52][INFO] [valid epoch 2] acc: 0.786, macro_f1: 0.733, micro_f1: 0.786, weighted_f1: 0.743
[2023-09-15 09:35:11,212][finetune_t5.py][line:42][INFO] The predicted label is not in label_id_list, its index is ['false']
[2023-09-15 09:35:11,213][finetune_t5.py][line:52][INFO] [valid epoch 2] acc: 0.800, macro_f1: 0.741, micro_f1: 0.800, weighted_f1: 0.758
[2023-09-15 09:35:11,285][finetune_t5.py][line:42][INFO] The predicted label is not in label_id_list, its index is ['un']
[2023-09-15 09:35:11,287][finetune_t5.py][line:52][INFO] [valid epoch 2] acc: 0.812, macro_f1: 0.798, micro_f1: 0.812, weighted_f1: 0.789
[2023-09-15 09:35:11,360][finetune_t5.py][line:42][INFO] The predicted label is not in label_id_list, its index is ['un']
[2023-09-15 09:35:11,362][finetune_t5.py][line:52][INFO] [valid epoch 2] acc: 0.824, macro_f1: 0.830, micro_f1: 0.824, weighted_f1: 0.810
[2023-09-15 09:35:11,434][finetune_t5.py][line:42][INFO] The predicted label is not in label_id_list, its index is ['false']
[2023-09-15 09:35:11,436][finetune_t5.py][line:52][INFO] [valid epoch 2] acc: 0.833, macro_f1: 0.836, micro_f1: 0.833, weighted_f1: 0.819
[2023-09-15 09:35:11,507][finetune_t5.py][line:42][INFO] The predicted label is not in label_id_list, its index is ['true']
[2023-09-15 09:35:11,509][finetune_t5.py][line:52][INFO] [valid epoch 2] acc: 0.842, macro_f1: 0.836, micro_f1: 0.842, weighted_f1: 0.828
[2023-09-15 09:35:11,578][finetune_t5.py][line:42][INFO] The predicted label is not in label_id_list, its index is ['un']
[2023-09-15 09:35:11,580][finetune_t5.py][line:52][INFO] [valid epoch 2] acc: 0.850, macro_f1: 0.856, micro_f1: 0.850, weighted_f1: 0.841
[2023-09-15 09:35:11,660][finetune_t5.py][line:42][INFO] The predicted label is not in label_id_list, its index is ['true']
[2023-09-15 09:35:11,662][finetune_t5.py][line:52][INFO] [valid epoch 2] acc: 0.857, macro_f1: 0.856, micro_f1: 0.857, weighted_f1: 0.849
[2023-09-15 09:35:11,732][finetune_t5.py][line:42][INFO] The predicted label is not in label_id_list, its index is ['true']
[2023-09-15 09:35:11,734][finetune_t5.py][line:52][INFO] [valid epoch 2] acc: 0.864, macro_f1: 0.856, micro_f1: 0.864, weighted_f1: 0.856
[2023-09-15 09:35:11,804][finetune_t5.py][line:42][INFO] The predicted label is not in label_id_list, its index is ['true']
[2023-09-15 09:35:11,806][finetune_t5.py][line:52][INFO] [valid epoch 2] acc: 0.870, macro_f1: 0.856, micro_f1: 0.870, weighted_f1: 0.862
[2023-09-15 09:35:11,876][finetune_t5.py][line:42][INFO] The predicted label is not in label_id_list, its index is ['false']
[2023-09-15 09:35:11,879][finetune_t5.py][line:52][INFO] [valid epoch 2] acc: 0.875, macro_f1: 0.861, micro_f1: 0.875, weighted_f1: 0.867
[2023-09-15 09:35:11,950][finetune_t5.py][line:42][INFO] The predicted label is not in label_id_list, its index is ['false']
[2023-09-15 09:35:11,952][finetune_t5.py][line:52][INFO] [valid epoch 2] acc: 0.880, macro_f1: 0.866, micro_f1: 0.880, weighted_f1: 0.871
[2023-09-15 09:35:12,028][finetune_t5.py][line:42][INFO] The predicted label is not in label_id_list, its index is ['un']
[2023-09-15 09:35:12,031][finetune_t5.py][line:52][INFO] [valid epoch 2] acc: 0.885, macro_f1: 0.880, micro_f1: 0.885, weighted_f1: 0.879
[2023-09-15 09:35:12,114][finetune_t5.py][line:42][INFO] The predicted label is not in label_id_list, its index is ['false']
[2023-09-15 09:35:12,116][finetune_t5.py][line:52][INFO] [valid epoch 2] acc: 0.852, macro_f1: 0.849, micro_f1: 0.852, weighted_f1: 0.843
[2023-09-15 09:35:12,192][finetune_t5.py][line:42][INFO] The predicted label is not in label_id_list, its index is ['un']
[2023-09-15 09:35:12,194][finetune_t5.py][line:52][INFO] [valid epoch 2] acc: 0.857, macro_f1: 0.861, micro_f1: 0.857, weighted_f1: 0.851
[2023-09-15 09:35:12,274][finetune_t5.py][line:42][INFO] The predicted label is not in label_id_list, its index is ['true']
[2023-09-15 09:35:12,276][finetune_t5.py][line:52][INFO] [valid epoch 2] acc: 0.862, macro_f1: 0.861, micro_f1: 0.862, weighted_f1: 0.856
[2023-09-15 09:35:12,356][finetune_t5.py][line:42][INFO] The predicted label is not in label_id_list, its index is ['true']
[2023-09-15 09:35:12,358][finetune_t5.py][line:52][INFO] [valid epoch 2] acc: 0.867, macro_f1: 0.861, micro_f1: 0.867, weighted_f1: 0.861
[2023-09-15 09:35:12,619][finetune_t5.py][line:144][INFO] [train epoch 3] lr: 0.00000, loss: 22.222, acc: 1.000
[2023-09-15 09:35:13,066][finetune_t5.py][line:144][INFO] [train epoch 3] lr: 0.00000, loss: 18.672, acc: 0.800
[2023-09-15 09:35:13,610][finetune_t5.py][line:144][INFO] [train epoch 3] lr: 0.00000, loss: 12.470, acc: 0.867
[2023-09-15 09:35:14,051][finetune_t5.py][line:144][INFO] [train epoch 3] lr: 0.00000, loss: 11.824, acc: 0.850
[2023-09-15 09:35:14,493][finetune_t5.py][line:144][INFO] [train epoch 3] lr: 0.00000, loss: 11.614, acc: 0.800
[2023-09-15 09:35:14,952][finetune_t5.py][line:144][INFO] [train epoch 3] lr: 0.00000, loss: 13.082, acc: 0.833
[2023-09-15 09:35:15,231][finetune_t5.py][line:42][INFO] The predicted label is not in label_id_list, its index is ['true']
[2023-09-15 09:35:15,233][finetune_t5.py][line:52][INFO] [valid epoch 3] acc: 1.000, macro_f1: 1.000, micro_f1: 1.000, weighted_f1: 1.000
[2023-09-15 09:35:15,305][finetune_t5.py][line:42][INFO] The predicted label is not in label_id_list, its index is ['un']
[2023-09-15 09:35:15,307][finetune_t5.py][line:52][INFO] [valid epoch 3] acc: 1.000, macro_f1: 1.000, micro_f1: 1.000, weighted_f1: 1.000
[2023-09-15 09:35:15,398][finetune_t5.py][line:42][INFO] The predicted label is not in label_id_list, its index is ['false']
[2023-09-15 09:35:15,400][finetune_t5.py][line:52][INFO] [valid epoch 3] acc: 1.000, macro_f1: 1.000, micro_f1: 1.000, weighted_f1: 1.000
[2023-09-15 09:35:15,474][finetune_t5.py][line:42][INFO] The predicted label is not in label_id_list, its index is ['false']
[2023-09-15 09:35:15,476][finetune_t5.py][line:52][INFO] [valid epoch 3] acc: 1.000, macro_f1: 1.000, micro_f1: 1.000, weighted_f1: 1.000
[2023-09-15 09:35:15,551][finetune_t5.py][line:42][INFO] The predicted label is not in label_id_list, its index is ['true']
[2023-09-15 09:35:15,553][finetune_t5.py][line:52][INFO] [valid epoch 3] acc: 1.000, macro_f1: 1.000, micro_f1: 1.000, weighted_f1: 1.000
[2023-09-15 09:35:15,626][finetune_t5.py][line:42][INFO] The predicted label is not in label_id_list, its index is ['false']
[2023-09-15 09:35:15,629][finetune_t5.py][line:52][INFO] [valid epoch 3] acc: 1.000, macro_f1: 1.000, micro_f1: 1.000, weighted_f1: 1.000
[2023-09-15 09:35:15,704][finetune_t5.py][line:42][INFO] The predicted label is not in label_id_list, its index is ['false']
[2023-09-15 09:35:15,707][finetune_t5.py][line:52][INFO] [valid epoch 3] acc: 0.857, macro_f1: 0.841, micro_f1: 0.857, weighted_f1: 0.844
[2023-09-15 09:35:15,783][finetune_t5.py][line:42][INFO] The predicted label is not in label_id_list, its index is ['false']
[2023-09-15 09:35:15,785][finetune_t5.py][line:52][INFO] [valid epoch 3] acc: 0.875, macro_f1: 0.852, micro_f1: 0.875, weighted_f1: 0.861
[2023-09-15 09:35:15,861][finetune_t5.py][line:42][INFO] The predicted label is not in label_id_list, its index is ['false']
[2023-09-15 09:35:15,863][finetune_t5.py][line:52][INFO] [valid epoch 3] acc: 0.778, macro_f1: 0.767, micro_f1: 0.778, weighted_f1: 0.744
[2023-09-15 09:35:15,938][finetune_t5.py][line:42][INFO] The predicted label is not in label_id_list, its index is ['false']
[2023-09-15 09:35:15,941][finetune_t5.py][line:52][INFO] [valid epoch 3] acc: 0.700, macro_f1: 0.709, micro_f1: 0.700, weighted_f1: 0.651
[2023-09-15 09:35:16,014][finetune_t5.py][line:42][INFO] The predicted label is not in label_id_list, its index is ['true']
[2023-09-15 09:35:16,017][finetune_t5.py][line:52][INFO] [valid epoch 3] acc: 0.727, macro_f1: 0.709, micro_f1: 0.727, weighted_f1: 0.683
[2023-09-15 09:35:16,092][finetune_t5.py][line:42][INFO] The predicted label is not in label_id_list, its index is ['false']
[2023-09-15 09:35:16,094][finetune_t5.py][line:52][INFO] [valid epoch 3] acc: 0.750, macro_f1: 0.723, micro_f1: 0.750, weighted_f1: 0.704
[2023-09-15 09:35:16,170][finetune_t5.py][line:42][INFO] The predicted label is not in label_id_list, its index is ['true']
[2023-09-15 09:35:16,172][finetune_t5.py][line:52][INFO] [valid epoch 3] acc: 0.769, macro_f1: 0.723, micro_f1: 0.769, weighted_f1: 0.727
[2023-09-15 09:35:16,245][finetune_t5.py][line:42][INFO] The predicted label is not in label_id_list, its index is ['false']
[2023-09-15 09:35:16,248][finetune_t5.py][line:52][INFO] [valid epoch 3] acc: 0.786, macro_f1: 0.733, micro_f1: 0.786, weighted_f1: 0.743
[2023-09-15 09:35:16,325][finetune_t5.py][line:42][INFO] The predicted label is not in label_id_list, its index is ['false']
[2023-09-15 09:35:16,327][finetune_t5.py][line:52][INFO] [valid epoch 3] acc: 0.800, macro_f1: 0.741, micro_f1: 0.800, weighted_f1: 0.758
[2023-09-15 09:35:16,399][finetune_t5.py][line:42][INFO] The predicted label is not in label_id_list, its index is ['un']
[2023-09-15 09:35:16,401][finetune_t5.py][line:52][INFO] [valid epoch 3] acc: 0.812, macro_f1: 0.798, micro_f1: 0.812, weighted_f1: 0.789
[2023-09-15 09:35:16,476][finetune_t5.py][line:42][INFO] The predicted label is not in label_id_list, its index is ['un']
[2023-09-15 09:35:16,478][finetune_t5.py][line:52][INFO] [valid epoch 3] acc: 0.824, macro_f1: 0.830, micro_f1: 0.824, weighted_f1: 0.810
[2023-09-15 09:35:16,552][finetune_t5.py][line:42][INFO] The predicted label is not in label_id_list, its index is ['false']
[2023-09-15 09:35:16,554][finetune_t5.py][line:52][INFO] [valid epoch 3] acc: 0.833, macro_f1: 0.836, micro_f1: 0.833, weighted_f1: 0.819
[2023-09-15 09:35:16,627][finetune_t5.py][line:42][INFO] The predicted label is not in label_id_list, its index is ['true']
[2023-09-15 09:35:16,629][finetune_t5.py][line:52][INFO] [valid epoch 3] acc: 0.842, macro_f1: 0.836, micro_f1: 0.842, weighted_f1: 0.828
[2023-09-15 09:35:16,702][finetune_t5.py][line:42][INFO] The predicted label is not in label_id_list, its index is ['un']
[2023-09-15 09:35:16,704][finetune_t5.py][line:52][INFO] [valid epoch 3] acc: 0.850, macro_f1: 0.856, micro_f1: 0.850, weighted_f1: 0.841
[2023-09-15 09:35:16,784][finetune_t5.py][line:42][INFO] The predicted label is not in label_id_list, its index is ['true']
[2023-09-15 09:35:16,786][finetune_t5.py][line:52][INFO] [valid epoch 3] acc: 0.857, macro_f1: 0.856, micro_f1: 0.857, weighted_f1: 0.849
[2023-09-15 09:35:16,862][finetune_t5.py][line:42][INFO] The predicted label is not in label_id_list, its index is ['true']
[2023-09-15 09:35:16,864][finetune_t5.py][line:52][INFO] [valid epoch 3] acc: 0.864, macro_f1: 0.856, micro_f1: 0.864, weighted_f1: 0.856
[2023-09-15 09:35:16,938][finetune_t5.py][line:42][INFO] The predicted label is not in label_id_list, its index is ['true']
[2023-09-15 09:35:16,941][finetune_t5.py][line:52][INFO] [valid epoch 3] acc: 0.870, macro_f1: 0.856, micro_f1: 0.870, weighted_f1: 0.862
[2023-09-15 09:35:17,016][finetune_t5.py][line:42][INFO] The predicted label is not in label_id_list, its index is ['false']
[2023-09-15 09:35:17,018][finetune_t5.py][line:52][INFO] [valid epoch 3] acc: 0.875, macro_f1: 0.861, micro_f1: 0.875, weighted_f1: 0.867
[2023-09-15 09:35:17,095][finetune_t5.py][line:42][INFO] The predicted label is not in label_id_list, its index is ['false']
[2023-09-15 09:35:17,097][finetune_t5.py][line:52][INFO] [valid epoch 3] acc: 0.880, macro_f1: 0.866, micro_f1: 0.880, weighted_f1: 0.871
[2023-09-15 09:35:17,171][finetune_t5.py][line:42][INFO] The predicted label is not in label_id_list, its index is ['un']
[2023-09-15 09:35:17,173][finetune_t5.py][line:52][INFO] [valid epoch 3] acc: 0.885, macro_f1: 0.880, micro_f1: 0.885, weighted_f1: 0.879
[2023-09-15 09:35:17,250][finetune_t5.py][line:42][INFO] The predicted label is not in label_id_list, its index is ['false']
[2023-09-15 09:35:17,252][finetune_t5.py][line:52][INFO] [valid epoch 3] acc: 0.852, macro_f1: 0.849, micro_f1: 0.852, weighted_f1: 0.843
[2023-09-15 09:35:17,327][finetune_t5.py][line:42][INFO] The predicted label is not in label_id_list, its index is ['un']
[2023-09-15 09:35:17,329][finetune_t5.py][line:52][INFO] [valid epoch 3] acc: 0.857, macro_f1: 0.861, micro_f1: 0.857, weighted_f1: 0.851
[2023-09-15 09:35:17,402][finetune_t5.py][line:42][INFO] The predicted label is not in label_id_list, its index is ['true']
[2023-09-15 09:35:17,404][finetune_t5.py][line:52][INFO] [valid epoch 3] acc: 0.862, macro_f1: 0.861, micro_f1: 0.862, weighted_f1: 0.856
[2023-09-15 09:35:17,480][finetune_t5.py][line:42][INFO] The predicted label is not in label_id_list, its index is ['true']
[2023-09-15 09:35:17,482][finetune_t5.py][line:52][INFO] [valid epoch 3] acc: 0.867, macro_f1: 0.861, micro_f1: 0.867, weighted_f1: 0.861
[2023-09-15 09:35:17,730][finetune_t5.py][line:144][INFO] [train epoch 4] lr: 0.00000, loss: 17.533, acc: 0.800
[2023-09-15 09:35:18,179][finetune_t5.py][line:144][INFO] [train epoch 4] lr: 0.00000, loss: 15.957, acc: 0.800
[2023-09-15 09:35:18,729][finetune_t5.py][line:144][INFO] [train epoch 4] lr: 0.00000, loss: 10.760, acc: 0.733
[2023-09-15 09:35:19,191][finetune_t5.py][line:144][INFO] [train epoch 4] lr: 0.00000, loss: 10.607, acc: 0.700
[2023-09-15 09:35:19,658][finetune_t5.py][line:144][INFO] [train epoch 4] lr: 0.00000, loss: 10.465, acc: 0.680
[2023-09-15 09:35:20,132][finetune_t5.py][line:144][INFO] [train epoch 4] lr: 0.00000, loss: 11.965, acc: 0.733
[2023-09-15 09:35:20,433][finetune_t5.py][line:42][INFO] The predicted label is not in label_id_list, its index is ['true']
[2023-09-15 09:35:20,436][finetune_t5.py][line:52][INFO] [valid epoch 4] acc: 1.000, macro_f1: 1.000, micro_f1: 1.000, weighted_f1: 1.000
[2023-09-15 09:35:20,518][finetune_t5.py][line:42][INFO] The predicted label is not in label_id_list, its index is ['un']
[2023-09-15 09:35:20,521][finetune_t5.py][line:52][INFO] [valid epoch 4] acc: 1.000, macro_f1: 1.000, micro_f1: 1.000, weighted_f1: 1.000
[2023-09-15 09:35:20,620][finetune_t5.py][line:42][INFO] The predicted label is not in label_id_list, its index is ['false']
[2023-09-15 09:35:20,622][finetune_t5.py][line:52][INFO] [valid epoch 4] acc: 1.000, macro_f1: 1.000, micro_f1: 1.000, weighted_f1: 1.000
[2023-09-15 09:35:20,706][finetune_t5.py][line:42][INFO] The predicted label is not in label_id_list, its index is ['false']
[2023-09-15 09:35:20,709][finetune_t5.py][line:52][INFO] [valid epoch 4] acc: 1.000, macro_f1: 1.000, micro_f1: 1.000, weighted_f1: 1.000
[2023-09-15 09:35:20,791][finetune_t5.py][line:42][INFO] The predicted label is not in label_id_list, its index is ['true']
[2023-09-15 09:35:20,794][finetune_t5.py][line:52][INFO] [valid epoch 4] acc: 1.000, macro_f1: 1.000, micro_f1: 1.000, weighted_f1: 1.000
[2023-09-15 09:35:20,876][finetune_t5.py][line:42][INFO] The predicted label is not in label_id_list, its index is ['false']
[2023-09-15 09:35:20,878][finetune_t5.py][line:52][INFO] [valid epoch 4] acc: 1.000, macro_f1: 1.000, micro_f1: 1.000, weighted_f1: 1.000
[2023-09-15 09:35:20,960][finetune_t5.py][line:42][INFO] The predicted label is not in label_id_list, its index is ['false']
[2023-09-15 09:35:20,963][finetune_t5.py][line:52][INFO] [valid epoch 4] acc: 0.857, macro_f1: 0.841, micro_f1: 0.857, weighted_f1: 0.844
[2023-09-15 09:35:21,045][finetune_t5.py][line:42][INFO] The predicted label is not in label_id_list, its index is ['false']
[2023-09-15 09:35:21,048][finetune_t5.py][line:52][INFO] [valid epoch 4] acc: 0.875, macro_f1: 0.852, micro_f1: 0.875, weighted_f1: 0.861
[2023-09-15 09:35:21,130][finetune_t5.py][line:42][INFO] The predicted label is not in label_id_list, its index is ['false']
[2023-09-15 09:35:21,132][finetune_t5.py][line:52][INFO] [valid epoch 4] acc: 0.778, macro_f1: 0.767, micro_f1: 0.778, weighted_f1: 0.744
[2023-09-15 09:35:21,213][finetune_t5.py][line:42][INFO] The predicted label is not in label_id_list, its index is ['false']
[2023-09-15 09:35:21,216][finetune_t5.py][line:52][INFO] [valid epoch 4] acc: 0.700, macro_f1: 0.709, micro_f1: 0.700, weighted_f1: 0.651
[2023-09-15 09:35:21,298][finetune_t5.py][line:42][INFO] The predicted label is not in label_id_list, its index is ['true']
[2023-09-15 09:35:21,301][finetune_t5.py][line:52][INFO] [valid epoch 4] acc: 0.727, macro_f1: 0.709, micro_f1: 0.727, weighted_f1: 0.683
[2023-09-15 09:35:21,382][finetune_t5.py][line:42][INFO] The predicted label is not in label_id_list, its index is ['false']
[2023-09-15 09:35:21,385][finetune_t5.py][line:52][INFO] [valid epoch 4] acc: 0.750, macro_f1: 0.723, micro_f1: 0.750, weighted_f1: 0.704
[2023-09-15 09:35:21,479][finetune_t5.py][line:42][INFO] The predicted label is not in label_id_list, its index is ['true']
[2023-09-15 09:35:21,482][finetune_t5.py][line:52][INFO] [valid epoch 4] acc: 0.769, macro_f1: 0.723, micro_f1: 0.769, weighted_f1: 0.727
[2023-09-15 09:35:21,563][finetune_t5.py][line:42][INFO] The predicted label is not in label_id_list, its index is ['false']
[2023-09-15 09:35:21,566][finetune_t5.py][line:52][INFO] [valid epoch 4] acc: 0.786, macro_f1: 0.733, micro_f1: 0.786, weighted_f1: 0.743
[2023-09-15 09:35:21,649][finetune_t5.py][line:42][INFO] The predicted label is not in label_id_list, its index is ['false']
[2023-09-15 09:35:21,651][finetune_t5.py][line:52][INFO] [valid epoch 4] acc: 0.800, macro_f1: 0.741, micro_f1: 0.800, weighted_f1: 0.758
[2023-09-15 09:35:21,732][finetune_t5.py][line:42][INFO] The predicted label is not in label_id_list, its index is ['un']
[2023-09-15 09:35:21,735][finetune_t5.py][line:52][INFO] [valid epoch 4] acc: 0.812, macro_f1: 0.798, micro_f1: 0.812, weighted_f1: 0.789
[2023-09-15 09:35:21,817][finetune_t5.py][line:42][INFO] The predicted label is not in label_id_list, its index is ['un']
[2023-09-15 09:35:21,819][finetune_t5.py][line:52][INFO] [valid epoch 4] acc: 0.824, macro_f1: 0.830, micro_f1: 0.824, weighted_f1: 0.810
[2023-09-15 09:35:21,900][finetune_t5.py][line:42][INFO] The predicted label is not in label_id_list, its index is ['false']
[2023-09-15 09:35:21,903][finetune_t5.py][line:52][INFO] [valid epoch 4] acc: 0.833, macro_f1: 0.836, micro_f1: 0.833, weighted_f1: 0.819
[2023-09-15 09:35:21,978][finetune_t5.py][line:42][INFO] The predicted label is not in label_id_list, its index is ['true']
[2023-09-15 09:35:21,980][finetune_t5.py][line:52][INFO] [valid epoch 4] acc: 0.842, macro_f1: 0.836, micro_f1: 0.842, weighted_f1: 0.828
[2023-09-15 09:35:22,053][finetune_t5.py][line:42][INFO] The predicted label is not in label_id_list, its index is ['un']
[2023-09-15 09:35:22,055][finetune_t5.py][line:52][INFO] [valid epoch 4] acc: 0.850, macro_f1: 0.856, micro_f1: 0.850, weighted_f1: 0.841
[2023-09-15 09:35:22,132][finetune_t5.py][line:42][INFO] The predicted label is not in label_id_list, its index is ['true']
[2023-09-15 09:35:22,134][finetune_t5.py][line:52][INFO] [valid epoch 4] acc: 0.857, macro_f1: 0.856, micro_f1: 0.857, weighted_f1: 0.849
[2023-09-15 09:35:22,208][finetune_t5.py][line:42][INFO] The predicted label is not in label_id_list, its index is ['true']
[2023-09-15 09:35:22,210][finetune_t5.py][line:52][INFO] [valid epoch 4] acc: 0.864, macro_f1: 0.856, micro_f1: 0.864, weighted_f1: 0.856
[2023-09-15 09:35:22,282][finetune_t5.py][line:42][INFO] The predicted label is not in label_id_list, its index is ['true']
[2023-09-15 09:35:22,284][finetune_t5.py][line:52][INFO] [valid epoch 4] acc: 0.870, macro_f1: 0.856, micro_f1: 0.870, weighted_f1: 0.862
[2023-09-15 09:35:22,358][finetune_t5.py][line:42][INFO] The predicted label is not in label_id_list, its index is ['false']
[2023-09-15 09:35:22,360][finetune_t5.py][line:52][INFO] [valid epoch 4] acc: 0.875, macro_f1: 0.861, micro_f1: 0.875, weighted_f1: 0.867
[2023-09-15 09:35:22,434][finetune_t5.py][line:42][INFO] The predicted label is not in label_id_list, its index is ['false']
[2023-09-15 09:35:22,436][finetune_t5.py][line:52][INFO] [valid epoch 4] acc: 0.880, macro_f1: 0.866, micro_f1: 0.880, weighted_f1: 0.871
[2023-09-15 09:35:22,510][finetune_t5.py][line:42][INFO] The predicted label is not in label_id_list, its index is ['un']
[2023-09-15 09:35:22,512][finetune_t5.py][line:52][INFO] [valid epoch 4] acc: 0.885, macro_f1: 0.880, micro_f1: 0.885, weighted_f1: 0.879
[2023-09-15 09:35:22,587][finetune_t5.py][line:42][INFO] The predicted label is not in label_id_list, its index is ['false']
[2023-09-15 09:35:22,602][finetune_t5.py][line:52][INFO] [valid epoch 4] acc: 0.852, macro_f1: 0.849, micro_f1: 0.852, weighted_f1: 0.843
[2023-09-15 09:35:22,676][finetune_t5.py][line:42][INFO] The predicted label is not in label_id_list, its index is ['un']
[2023-09-15 09:35:22,679][finetune_t5.py][line:52][INFO] [valid epoch 4] acc: 0.857, macro_f1: 0.861, micro_f1: 0.857, weighted_f1: 0.851
[2023-09-15 09:35:22,755][finetune_t5.py][line:42][INFO] The predicted label is not in label_id_list, its index is ['true']
[2023-09-15 09:35:22,757][finetune_t5.py][line:52][INFO] [valid epoch 4] acc: 0.862, macro_f1: 0.861, micro_f1: 0.862, weighted_f1: 0.856
[2023-09-15 09:35:22,831][finetune_t5.py][line:42][INFO] The predicted label is not in label_id_list, its index is ['true']
[2023-09-15 09:35:22,833][finetune_t5.py][line:52][INFO] [valid epoch 4] acc: 0.867, macro_f1: 0.861, micro_f1: 0.867, weighted_f1: 0.861
[2023-09-15 09:35:23,077][finetune_t5.py][line:144][INFO] [train epoch 5] lr: 0.00000, loss: 18.704, acc: 0.800
[2023-09-15 09:35:23,518][finetune_t5.py][line:144][INFO] [train epoch 5] lr: 0.00000, loss: 16.543, acc: 0.800
[2023-09-15 09:35:24,058][finetune_t5.py][line:144][INFO] [train epoch 5] lr: 0.00000, loss: 11.050, acc: 0.867
[2023-09-15 09:35:24,503][finetune_t5.py][line:144][INFO] [train epoch 5] lr: 0.00000, loss: 10.416, acc: 0.800
[2023-09-15 09:35:24,948][finetune_t5.py][line:144][INFO] [train epoch 5] lr: 0.00000, loss: 10.259, acc: 0.720
[2023-09-15 09:35:25,392][finetune_t5.py][line:144][INFO] [train epoch 5] lr: 0.00000, loss: 11.257, acc: 0.733
[2023-09-15 09:35:25,685][finetune_t5.py][line:42][INFO] The predicted label is not in label_id_list, its index is ['true']
[2023-09-15 09:35:25,687][finetune_t5.py][line:52][INFO] [valid epoch 5] acc: 1.000, macro_f1: 1.000, micro_f1: 1.000, weighted_f1: 1.000
[2023-09-15 09:35:25,761][finetune_t5.py][line:42][INFO] The predicted label is not in label_id_list, its index is ['un']
[2023-09-15 09:35:25,763][finetune_t5.py][line:52][INFO] [valid epoch 5] acc: 1.000, macro_f1: 1.000, micro_f1: 1.000, weighted_f1: 1.000
[2023-09-15 09:35:25,853][finetune_t5.py][line:42][INFO] The predicted label is not in label_id_list, its index is ['false']
[2023-09-15 09:35:25,855][finetune_t5.py][line:52][INFO] [valid epoch 5] acc: 1.000, macro_f1: 1.000, micro_f1: 1.000, weighted_f1: 1.000
[2023-09-15 09:35:25,928][finetune_t5.py][line:42][INFO] The predicted label is not in label_id_list, its index is ['false']
[2023-09-15 09:35:25,930][finetune_t5.py][line:52][INFO] [valid epoch 5] acc: 1.000, macro_f1: 1.000, micro_f1: 1.000, weighted_f1: 1.000
[2023-09-15 09:35:26,005][finetune_t5.py][line:42][INFO] The predicted label is not in label_id_list, its index is ['true']
[2023-09-15 09:35:26,007][finetune_t5.py][line:52][INFO] [valid epoch 5] acc: 1.000, macro_f1: 1.000, micro_f1: 1.000, weighted_f1: 1.000
[2023-09-15 09:35:26,082][finetune_t5.py][line:42][INFO] The predicted label is not in label_id_list, its index is ['false']
[2023-09-15 09:35:26,084][finetune_t5.py][line:52][INFO] [valid epoch 5] acc: 1.000, macro_f1: 1.000, micro_f1: 1.000, weighted_f1: 1.000
[2023-09-15 09:35:26,166][finetune_t5.py][line:42][INFO] The predicted label is not in label_id_list, its index is ['un']
[2023-09-15 09:35:26,168][finetune_t5.py][line:52][INFO] [valid epoch 5] acc: 1.000, macro_f1: 1.000, micro_f1: 1.000, weighted_f1: 1.000
[2023-09-15 09:35:26,243][finetune_t5.py][line:42][INFO] The predicted label is not in label_id_list, its index is ['false']
[2023-09-15 09:35:26,245][finetune_t5.py][line:52][INFO] [valid epoch 5] acc: 1.000, macro_f1: 1.000, micro_f1: 1.000, weighted_f1: 1.000
[2023-09-15 09:35:26,320][finetune_t5.py][line:42][INFO] The predicted label is not in label_id_list, its index is ['false']
[2023-09-15 09:35:26,322][finetune_t5.py][line:52][INFO] [valid epoch 5] acc: 0.889, macro_f1: 0.896, micro_f1: 0.889, weighted_f1: 0.884
[2023-09-15 09:35:26,397][finetune_t5.py][line:42][INFO] The predicted label is not in label_id_list, its index is ['false']
[2023-09-15 09:35:26,399][finetune_t5.py][line:52][INFO] [valid epoch 5] acc: 0.800, macro_f1: 0.822, micro_f1: 0.800, weighted_f1: 0.787
[2023-09-15 09:35:26,472][finetune_t5.py][line:42][INFO] The predicted label is not in label_id_list, its index is ['true']
[2023-09-15 09:35:26,474][finetune_t5.py][line:52][INFO] [valid epoch 5] acc: 0.818, macro_f1: 0.822, micro_f1: 0.818, weighted_f1: 0.806
[2023-09-15 09:35:26,549][finetune_t5.py][line:42][INFO] The predicted label is not in label_id_list, its index is ['false']
[2023-09-15 09:35:26,551][finetune_t5.py][line:52][INFO] [valid epoch 5] acc: 0.833, macro_f1: 0.833, micro_f1: 0.833, weighted_f1: 0.819
[2023-09-15 09:35:26,636][finetune_t5.py][line:42][INFO] The predicted label is not in label_id_list, its index is ['true']
[2023-09-15 09:35:26,639][finetune_t5.py][line:52][INFO] [valid epoch 5] acc: 0.846, macro_f1: 0.833, micro_f1: 0.846, weighted_f1: 0.833
[2023-09-15 09:35:26,714][finetune_t5.py][line:42][INFO] The predicted label is not in label_id_list, its index is ['false']
[2023-09-15 09:35:26,716][finetune_t5.py][line:52][INFO] [valid epoch 5] acc: 0.857, macro_f1: 0.841, micro_f1: 0.857, weighted_f1: 0.844
[2023-09-15 09:35:26,790][finetune_t5.py][line:42][INFO] The predicted label is not in label_id_list, its index is ['false']
[2023-09-15 09:35:26,792][finetune_t5.py][line:52][INFO] [valid epoch 5] acc: 0.867, macro_f1: 0.847, micro_f1: 0.867, weighted_f1: 0.853
[2023-09-15 09:35:26,866][finetune_t5.py][line:42][INFO] The predicted label is not in label_id_list, its index is ['un']
[2023-09-15 09:35:26,868][finetune_t5.py][line:52][INFO] [valid epoch 5] acc: 0.875, macro_f1: 0.875, micro_f1: 0.875, weighted_f1: 0.867
[2023-09-15 09:35:26,943][finetune_t5.py][line:42][INFO] The predicted label is not in label_id_list, its index is ['un']
[2023-09-15 09:35:26,945][finetune_t5.py][line:52][INFO] [valid epoch 5] acc: 0.882, macro_f1: 0.892, micro_f1: 0.882, weighted_f1: 0.878
[2023-09-15 09:35:27,019][finetune_t5.py][line:42][INFO] The predicted label is not in label_id_list, its index is ['false']
[2023-09-15 09:35:27,021][finetune_t5.py][line:52][INFO] [valid epoch 5] acc: 0.889, macro_f1: 0.896, micro_f1: 0.889, weighted_f1: 0.884
[2023-09-15 09:35:27,102][finetune_t5.py][line:42][INFO] The predicted label is not in label_id_list, its index is ['true']
[2023-09-15 09:35:27,105][finetune_t5.py][line:52][INFO] [valid epoch 5] acc: 0.895, macro_f1: 0.896, micro_f1: 0.895, weighted_f1: 0.890
[2023-09-15 09:35:27,176][finetune_t5.py][line:42][INFO] The predicted label is not in label_id_list, its index is ['un']
[2023-09-15 09:35:27,178][finetune_t5.py][line:52][INFO] [valid epoch 5] acc: 0.900, macro_f1: 0.907, micro_f1: 0.900, weighted_f1: 0.897
[2023-09-15 09:35:27,254][finetune_t5.py][line:42][INFO] The predicted label is not in label_id_list, its index is ['true']
[2023-09-15 09:35:27,256][finetune_t5.py][line:52][INFO] [valid epoch 5] acc: 0.905, macro_f1: 0.907, micro_f1: 0.905, weighted_f1: 0.902
[2023-09-15 09:35:27,329][finetune_t5.py][line:42][INFO] The predicted label is not in label_id_list, its index is ['true']
[2023-09-15 09:35:27,331][finetune_t5.py][line:52][INFO] [valid epoch 5] acc: 0.909, macro_f1: 0.907, micro_f1: 0.909, weighted_f1: 0.907
[2023-09-15 09:35:27,405][finetune_t5.py][line:42][INFO] The predicted label is not in label_id_list, its index is ['true']
[2023-09-15 09:35:27,407][finetune_t5.py][line:52][INFO] [valid epoch 5] acc: 0.913, macro_f1: 0.907, micro_f1: 0.913, weighted_f1: 0.911
[2023-09-15 09:35:27,478][finetune_t5.py][line:42][INFO] The predicted label is not in label_id_list, its index is ['false']
[2023-09-15 09:35:27,480][finetune_t5.py][line:52][INFO] [valid epoch 5] acc: 0.917, macro_f1: 0.911, micro_f1: 0.917, weighted_f1: 0.914
[2023-09-15 09:35:27,561][finetune_t5.py][line:42][INFO] The predicted label is not in label_id_list, its index is ['false']
[2023-09-15 09:35:27,564][finetune_t5.py][line:52][INFO] [valid epoch 5] acc: 0.920, macro_f1: 0.914, micro_f1: 0.920, weighted_f1: 0.917
[2023-09-15 09:35:27,659][finetune_t5.py][line:42][INFO] The predicted label is not in label_id_list, its index is ['un']
[2023-09-15 09:35:27,661][finetune_t5.py][line:52][INFO] [valid epoch 5] acc: 0.923, macro_f1: 0.922, micro_f1: 0.923, weighted_f1: 0.921
[2023-09-15 09:35:27,735][finetune_t5.py][line:42][INFO] The predicted label is not in label_id_list, its index is ['false']
[2023-09-15 09:35:27,737][finetune_t5.py][line:52][INFO] [valid epoch 5] acc: 0.889, macro_f1: 0.890, micro_f1: 0.889, weighted_f1: 0.885
[2023-09-15 09:35:27,809][finetune_t5.py][line:42][INFO] The predicted label is not in label_id_list, its index is ['un']
[2023-09-15 09:35:27,811][finetune_t5.py][line:52][INFO] [valid epoch 5] acc: 0.893, macro_f1: 0.898, micro_f1: 0.893, weighted_f1: 0.890
[2023-09-15 09:35:27,885][finetune_t5.py][line:42][INFO] The predicted label is not in label_id_list, its index is ['true']
[2023-09-15 09:35:27,887][finetune_t5.py][line:52][INFO] [valid epoch 5] acc: 0.897, macro_f1: 0.898, micro_f1: 0.897, weighted_f1: 0.894
[2023-09-15 09:35:27,962][finetune_t5.py][line:42][INFO] The predicted label is not in label_id_list, its index is ['true']
[2023-09-15 09:35:27,964][finetune_t5.py][line:52][INFO] [valid epoch 5] acc: 0.900, macro_f1: 0.898, micro_f1: 0.900, weighted_f1: 0.898
[2023-09-15 09:35:27,964][finetune_t5.py][line:154][INFO] save model at epoch 5, macro_f1: 0.9
[2023-09-15 09:36:37,047][finetune_t5.py][line:144][INFO] [train epoch 6] lr: 0.00000, loss: 17.045, acc: 0.800
[2023-09-15 09:36:37,511][finetune_t5.py][line:144][INFO] [train epoch 6] lr: 0.00000, loss: 15.025, acc: 0.800
[2023-09-15 09:36:38,065][finetune_t5.py][line:144][INFO] [train epoch 6] lr: 0.00000, loss: 10.101, acc: 0.733
[2023-09-15 09:36:38,527][finetune_t5.py][line:144][INFO] [train epoch 6] lr: 0.00000, loss: 9.608, acc: 0.700
[2023-09-15 09:36:38,983][finetune_t5.py][line:144][INFO] [train epoch 6] lr: 0.00000, loss: 9.172, acc: 0.720
[2023-09-15 09:36:39,441][finetune_t5.py][line:144][INFO] [train epoch 6] lr: 0.00000, loss: 10.239, acc: 0.767
[2023-09-15 09:36:39,740][finetune_t5.py][line:42][INFO] The predicted label is not in label_id_list, its index is ['true']
[2023-09-15 09:36:39,743][finetune_t5.py][line:52][INFO] [valid epoch 6] acc: 1.000, macro_f1: 1.000, micro_f1: 1.000, weighted_f1: 1.000
[2023-09-15 09:36:39,831][finetune_t5.py][line:42][INFO] The predicted label is not in label_id_list, its index is ['un']
[2023-09-15 09:36:39,833][finetune_t5.py][line:52][INFO] [valid epoch 6] acc: 1.000, macro_f1: 1.000, micro_f1: 1.000, weighted_f1: 1.000
[2023-09-15 09:36:39,930][finetune_t5.py][line:42][INFO] The predicted label is not in label_id_list, its index is ['false']
[2023-09-15 09:36:39,933][finetune_t5.py][line:52][INFO] [valid epoch 6] acc: 1.000, macro_f1: 1.000, micro_f1: 1.000, weighted_f1: 1.000
[2023-09-15 09:36:40,018][finetune_t5.py][line:42][INFO] The predicted label is not in label_id_list, its index is ['false']
[2023-09-15 09:36:40,022][finetune_t5.py][line:52][INFO] [valid epoch 6] acc: 1.000, macro_f1: 1.000, micro_f1: 1.000, weighted_f1: 1.000
[2023-09-15 09:36:40,108][finetune_t5.py][line:42][INFO] The predicted label is not in label_id_list, its index is ['true']
[2023-09-15 09:36:40,111][finetune_t5.py][line:52][INFO] [valid epoch 6] acc: 1.000, macro_f1: 1.000, micro_f1: 1.000, weighted_f1: 1.000
[2023-09-15 09:36:40,193][finetune_t5.py][line:42][INFO] The predicted label is not in label_id_list, its index is ['false']
[2023-09-15 09:36:40,195][finetune_t5.py][line:52][INFO] [valid epoch 6] acc: 1.000, macro_f1: 1.000, micro_f1: 1.000, weighted_f1: 1.000
[2023-09-15 09:36:40,277][finetune_t5.py][line:42][INFO] The predicted label is not in label_id_list, its index is ['un']
[2023-09-15 09:36:40,280][finetune_t5.py][line:52][INFO] [valid epoch 6] acc: 1.000, macro_f1: 1.000, micro_f1: 1.000, weighted_f1: 1.000
[2023-09-15 09:36:40,367][finetune_t5.py][line:42][INFO] The predicted label is not in label_id_list, its index is ['false']
[2023-09-15 09:36:40,369][finetune_t5.py][line:52][INFO] [valid epoch 6] acc: 1.000, macro_f1: 1.000, micro_f1: 1.000, weighted_f1: 1.000
[2023-09-15 09:36:40,453][finetune_t5.py][line:42][INFO] The predicted label is not in label_id_list, its index is ['false']
[2023-09-15 09:36:40,456][finetune_t5.py][line:52][INFO] [valid epoch 6] acc: 0.889, macro_f1: 0.896, micro_f1: 0.889, weighted_f1: 0.884
[2023-09-15 09:36:40,539][finetune_t5.py][line:42][INFO] The predicted label is not in label_id_list, its index is ['false']
[2023-09-15 09:36:40,542][finetune_t5.py][line:52][INFO] [valid epoch 6] acc: 0.800, macro_f1: 0.822, micro_f1: 0.800, weighted_f1: 0.787
[2023-09-15 09:36:40,624][finetune_t5.py][line:42][INFO] The predicted label is not in label_id_list, its index is ['true']
[2023-09-15 09:36:40,626][finetune_t5.py][line:52][INFO] [valid epoch 6] acc: 0.818, macro_f1: 0.822, micro_f1: 0.818, weighted_f1: 0.806
[2023-09-15 09:36:40,708][finetune_t5.py][line:42][INFO] The predicted label is not in label_id_list, its index is ['false']
[2023-09-15 09:36:40,710][finetune_t5.py][line:52][INFO] [valid epoch 6] acc: 0.833, macro_f1: 0.833, micro_f1: 0.833, weighted_f1: 0.819
[2023-09-15 09:36:40,789][finetune_t5.py][line:42][INFO] The predicted label is not in label_id_list, its index is ['true']
[2023-09-15 09:36:40,791][finetune_t5.py][line:52][INFO] [valid epoch 6] acc: 0.846, macro_f1: 0.833, micro_f1: 0.846, weighted_f1: 0.833
[2023-09-15 09:36:40,868][finetune_t5.py][line:42][INFO] The predicted label is not in label_id_list, its index is ['false']
[2023-09-15 09:36:40,870][finetune_t5.py][line:52][INFO] [valid epoch 6] acc: 0.857, macro_f1: 0.841, micro_f1: 0.857, weighted_f1: 0.844
[2023-09-15 09:36:40,946][finetune_t5.py][line:42][INFO] The predicted label is not in label_id_list, its index is ['false']
[2023-09-15 09:36:40,948][finetune_t5.py][line:52][INFO] [valid epoch 6] acc: 0.867, macro_f1: 0.847, micro_f1: 0.867, weighted_f1: 0.853
[2023-09-15 09:36:41,024][finetune_t5.py][line:42][INFO] The predicted label is not in label_id_list, its index is ['un']
[2023-09-15 09:36:41,026][finetune_t5.py][line:52][INFO] [valid epoch 6] acc: 0.875, macro_f1: 0.875, micro_f1: 0.875, weighted_f1: 0.867
[2023-09-15 09:36:41,103][finetune_t5.py][line:42][INFO] The predicted label is not in label_id_list, its index is ['un']
[2023-09-15 09:36:41,105][finetune_t5.py][line:52][INFO] [valid epoch 6] acc: 0.882, macro_f1: 0.892, micro_f1: 0.882, weighted_f1: 0.878
[2023-09-15 09:36:41,181][finetune_t5.py][line:42][INFO] The predicted label is not in label_id_list, its index is ['false']
[2023-09-15 09:36:41,184][finetune_t5.py][line:52][INFO] [valid epoch 6] acc: 0.889, macro_f1: 0.896, micro_f1: 0.889, weighted_f1: 0.884
[2023-09-15 09:36:41,263][finetune_t5.py][line:42][INFO] The predicted label is not in label_id_list, its index is ['true']
[2023-09-15 09:36:41,266][finetune_t5.py][line:52][INFO] [valid epoch 6] acc: 0.895, macro_f1: 0.896, micro_f1: 0.895, weighted_f1: 0.890
[2023-09-15 09:36:41,337][finetune_t5.py][line:42][INFO] The predicted label is not in label_id_list, its index is ['un']
[2023-09-15 09:36:41,339][finetune_t5.py][line:52][INFO] [valid epoch 6] acc: 0.900, macro_f1: 0.907, micro_f1: 0.900, weighted_f1: 0.897
[2023-09-15 09:36:41,427][finetune_t5.py][line:42][INFO] The predicted label is not in label_id_list, its index is ['true']
[2023-09-15 09:36:41,430][finetune_t5.py][line:52][INFO] [valid epoch 6] acc: 0.905, macro_f1: 0.907, micro_f1: 0.905, weighted_f1: 0.902
[2023-09-15 09:36:41,513][finetune_t5.py][line:42][INFO] The predicted label is not in label_id_list, its index is ['true']
[2023-09-15 09:36:41,516][finetune_t5.py][line:52][INFO] [valid epoch 6] acc: 0.909, macro_f1: 0.907, micro_f1: 0.909, weighted_f1: 0.907
[2023-09-15 09:36:41,597][finetune_t5.py][line:42][INFO] The predicted label is not in label_id_list, its index is ['true']
[2023-09-15 09:36:41,600][finetune_t5.py][line:52][INFO] [valid epoch 6] acc: 0.913, macro_f1: 0.907, micro_f1: 0.913, weighted_f1: 0.911
[2023-09-15 09:36:41,683][finetune_t5.py][line:42][INFO] The predicted label is not in label_id_list, its index is ['false']
[2023-09-15 09:36:41,687][finetune_t5.py][line:52][INFO] [valid epoch 6] acc: 0.917, macro_f1: 0.911, micro_f1: 0.917, weighted_f1: 0.914
[2023-09-15 09:36:41,769][finetune_t5.py][line:42][INFO] The predicted label is not in label_id_list, its index is ['false']
[2023-09-15 09:36:41,772][finetune_t5.py][line:52][INFO] [valid epoch 6] acc: 0.920, macro_f1: 0.914, micro_f1: 0.920, weighted_f1: 0.917
[2023-09-15 09:36:41,856][finetune_t5.py][line:42][INFO] The predicted label is not in label_id_list, its index is ['un']
[2023-09-15 09:36:41,859][finetune_t5.py][line:52][INFO] [valid epoch 6] acc: 0.923, macro_f1: 0.922, micro_f1: 0.923, weighted_f1: 0.921
[2023-09-15 09:36:41,944][finetune_t5.py][line:42][INFO] The predicted label is not in label_id_list, its index is ['false']
[2023-09-15 09:36:41,947][finetune_t5.py][line:52][INFO] [valid epoch 6] acc: 0.889, macro_f1: 0.890, micro_f1: 0.889, weighted_f1: 0.885
[2023-09-15 09:36:42,031][finetune_t5.py][line:42][INFO] The predicted label is not in label_id_list, its index is ['un']
[2023-09-15 09:36:42,034][finetune_t5.py][line:52][INFO] [valid epoch 6] acc: 0.893, macro_f1: 0.898, micro_f1: 0.893, weighted_f1: 0.890
[2023-09-15 09:36:42,122][finetune_t5.py][line:42][INFO] The predicted label is not in label_id_list, its index is ['true']
[2023-09-15 09:36:42,125][finetune_t5.py][line:52][INFO] [valid epoch 6] acc: 0.897, macro_f1: 0.898, micro_f1: 0.897, weighted_f1: 0.894
[2023-09-15 09:36:42,209][finetune_t5.py][line:42][INFO] The predicted label is not in label_id_list, its index is ['true']
[2023-09-15 09:36:42,212][finetune_t5.py][line:52][INFO] [valid epoch 6] acc: 0.900, macro_f1: 0.898, micro_f1: 0.900, weighted_f1: 0.898
[2023-09-15 09:36:42,477][finetune_t5.py][line:144][INFO] [train epoch 7] lr: 0.00000, loss: 13.879, acc: 0.600
[2023-09-15 09:36:42,948][finetune_t5.py][line:144][INFO] [train epoch 7] lr: 0.00000, loss: 12.694, acc: 0.500
[2023-09-15 09:36:43,510][finetune_t5.py][line:144][INFO] [train epoch 7] lr: 0.00000, loss: 8.525, acc: 0.600
[2023-09-15 09:36:43,982][finetune_t5.py][line:144][INFO] [train epoch 7] lr: 0.00000, loss: 8.246, acc: 0.600
[2023-09-15 09:36:44,449][finetune_t5.py][line:144][INFO] [train epoch 7] lr: 0.00000, loss: 8.018, acc: 0.640
[2023-09-15 09:36:44,893][finetune_t5.py][line:144][INFO] [train epoch 7] lr: 0.00000, loss: 8.778, acc: 0.667
[2023-09-15 09:36:45,176][finetune_t5.py][line:42][INFO] The predicted label is not in label_id_list, its index is ['true']
[2023-09-15 09:36:45,178][finetune_t5.py][line:52][INFO] [valid epoch 7] acc: 1.000, macro_f1: 1.000, micro_f1: 1.000, weighted_f1: 1.000
[2023-09-15 09:36:45,249][finetune_t5.py][line:42][INFO] The predicted label is not in label_id_list, its index is ['un']
[2023-09-15 09:36:45,251][finetune_t5.py][line:52][INFO] [valid epoch 7] acc: 1.000, macro_f1: 1.000, micro_f1: 1.000, weighted_f1: 1.000
[2023-09-15 09:36:45,338][finetune_t5.py][line:42][INFO] The predicted label is not in label_id_list, its index is ['false']
[2023-09-15 09:36:45,340][finetune_t5.py][line:52][INFO] [valid epoch 7] acc: 1.000, macro_f1: 1.000, micro_f1: 1.000, weighted_f1: 1.000
[2023-09-15 09:36:45,424][finetune_t5.py][line:42][INFO] The predicted label is not in label_id_list, its index is ['false']
[2023-09-15 09:36:45,427][finetune_t5.py][line:52][INFO] [valid epoch 7] acc: 1.000, macro_f1: 1.000, micro_f1: 1.000, weighted_f1: 1.000
[2023-09-15 09:36:45,510][finetune_t5.py][line:42][INFO] The predicted label is not in label_id_list, its index is ['true']
[2023-09-15 09:36:45,513][finetune_t5.py][line:52][INFO] [valid epoch 7] acc: 1.000, macro_f1: 1.000, micro_f1: 1.000, weighted_f1: 1.000
[2023-09-15 09:36:45,596][finetune_t5.py][line:42][INFO] The predicted label is not in label_id_list, its index is ['false']
[2023-09-15 09:36:45,599][finetune_t5.py][line:52][INFO] [valid epoch 7] acc: 1.000, macro_f1: 1.000, micro_f1: 1.000, weighted_f1: 1.000
[2023-09-15 09:36:45,681][finetune_t5.py][line:42][INFO] The predicted label is not in label_id_list, its index is ['un']
[2023-09-15 09:36:45,684][finetune_t5.py][line:52][INFO] [valid epoch 7] acc: 1.000, macro_f1: 1.000, micro_f1: 1.000, weighted_f1: 1.000
[2023-09-15 09:36:45,766][finetune_t5.py][line:42][INFO] The predicted label is not in label_id_list, its index is ['false']
[2023-09-15 09:36:45,769][finetune_t5.py][line:52][INFO] [valid epoch 7] acc: 1.000, macro_f1: 1.000, micro_f1: 1.000, weighted_f1: 1.000
[2023-09-15 09:36:45,851][finetune_t5.py][line:42][INFO] The predicted label is not in label_id_list, its index is ['false']
[2023-09-15 09:36:45,854][finetune_t5.py][line:52][INFO] [valid epoch 7] acc: 0.889, macro_f1: 0.896, micro_f1: 0.889, weighted_f1: 0.884
[2023-09-15 09:36:45,938][finetune_t5.py][line:42][INFO] The predicted label is not in label_id_list, its index is ['false']
[2023-09-15 09:36:45,941][finetune_t5.py][line:52][INFO] [valid epoch 7] acc: 0.800, macro_f1: 0.822, micro_f1: 0.800, weighted_f1: 0.787
[2023-09-15 09:36:46,023][finetune_t5.py][line:42][INFO] The predicted label is not in label_id_list, its index is ['true']
[2023-09-15 09:36:46,026][finetune_t5.py][line:52][INFO] [valid epoch 7] acc: 0.818, macro_f1: 0.822, micro_f1: 0.818, weighted_f1: 0.806
[2023-09-15 09:36:46,108][finetune_t5.py][line:42][INFO] The predicted label is not in label_id_list, its index is ['false']
[2023-09-15 09:36:46,111][finetune_t5.py][line:52][INFO] [valid epoch 7] acc: 0.833, macro_f1: 0.833, micro_f1: 0.833, weighted_f1: 0.819
[2023-09-15 09:36:46,196][finetune_t5.py][line:42][INFO] The predicted label is not in label_id_list, its index is ['true']
[2023-09-15 09:36:46,199][finetune_t5.py][line:52][INFO] [valid epoch 7] acc: 0.846, macro_f1: 0.833, micro_f1: 0.846, weighted_f1: 0.833
[2023-09-15 09:36:46,281][finetune_t5.py][line:42][INFO] The predicted label is not in label_id_list, its index is ['false']
[2023-09-15 09:36:46,284][finetune_t5.py][line:52][INFO] [valid epoch 7] acc: 0.857, macro_f1: 0.841, micro_f1: 0.857, weighted_f1: 0.844
[2023-09-15 09:36:46,367][finetune_t5.py][line:42][INFO] The predicted label is not in label_id_list, its index is ['false']
[2023-09-15 09:36:46,370][finetune_t5.py][line:52][INFO] [valid epoch 7] acc: 0.867, macro_f1: 0.847, micro_f1: 0.867, weighted_f1: 0.853
[2023-09-15 09:36:46,451][finetune_t5.py][line:42][INFO] The predicted label is not in label_id_list, its index is ['un']
[2023-09-15 09:36:46,454][finetune_t5.py][line:52][INFO] [valid epoch 7] acc: 0.875, macro_f1: 0.875, micro_f1: 0.875, weighted_f1: 0.867
[2023-09-15 09:36:46,536][finetune_t5.py][line:42][INFO] The predicted label is not in label_id_list, its index is ['un']
[2023-09-15 09:36:46,539][finetune_t5.py][line:52][INFO] [valid epoch 7] acc: 0.882, macro_f1: 0.892, micro_f1: 0.882, weighted_f1: 0.878
[2023-09-15 09:36:46,622][finetune_t5.py][line:42][INFO] The predicted label is not in label_id_list, its index is ['false']
[2023-09-15 09:36:46,625][finetune_t5.py][line:52][INFO] [valid epoch 7] acc: 0.889, macro_f1: 0.896, micro_f1: 0.889, weighted_f1: 0.884
[2023-09-15 09:36:46,706][finetune_t5.py][line:42][INFO] The predicted label is not in label_id_list, its index is ['true']
[2023-09-15 09:36:46,709][finetune_t5.py][line:52][INFO] [valid epoch 7] acc: 0.895, macro_f1: 0.896, micro_f1: 0.895, weighted_f1: 0.890
[2023-09-15 09:36:46,790][finetune_t5.py][line:42][INFO] The predicted label is not in label_id_list, its index is ['un']
[2023-09-15 09:36:46,793][finetune_t5.py][line:52][INFO] [valid epoch 7] acc: 0.900, macro_f1: 0.907, micro_f1: 0.900, weighted_f1: 0.897
[2023-09-15 09:36:46,879][finetune_t5.py][line:42][INFO] The predicted label is not in label_id_list, its index is ['true']
[2023-09-15 09:36:46,882][finetune_t5.py][line:52][INFO] [valid epoch 7] acc: 0.905, macro_f1: 0.907, micro_f1: 0.905, weighted_f1: 0.902
[2023-09-15 09:36:46,964][finetune_t5.py][line:42][INFO] The predicted label is not in label_id_list, its index is ['true']
[2023-09-15 09:36:46,967][finetune_t5.py][line:52][INFO] [valid epoch 7] acc: 0.909, macro_f1: 0.907, micro_f1: 0.909, weighted_f1: 0.907
[2023-09-15 09:36:47,048][finetune_t5.py][line:42][INFO] The predicted label is not in label_id_list, its index is ['true']
[2023-09-15 09:36:47,051][finetune_t5.py][line:52][INFO] [valid epoch 7] acc: 0.913, macro_f1: 0.907, micro_f1: 0.913, weighted_f1: 0.911
[2023-09-15 09:36:47,123][finetune_t5.py][line:42][INFO] The predicted label is not in label_id_list, its index is ['false']
[2023-09-15 09:36:47,125][finetune_t5.py][line:52][INFO] [valid epoch 7] acc: 0.917, macro_f1: 0.911, micro_f1: 0.917, weighted_f1: 0.914
[2023-09-15 09:36:47,197][finetune_t5.py][line:42][INFO] The predicted label is not in label_id_list, its index is ['false']
[2023-09-15 09:36:47,199][finetune_t5.py][line:52][INFO] [valid epoch 7] acc: 0.920, macro_f1: 0.914, micro_f1: 0.920, weighted_f1: 0.917
[2023-09-15 09:36:47,270][finetune_t5.py][line:42][INFO] The predicted label is not in label_id_list, its index is ['un']
[2023-09-15 09:36:47,272][finetune_t5.py][line:52][INFO] [valid epoch 7] acc: 0.923, macro_f1: 0.922, micro_f1: 0.923, weighted_f1: 0.921
[2023-09-15 09:36:47,346][finetune_t5.py][line:42][INFO] The predicted label is not in label_id_list, its index is ['un']
[2023-09-15 09:36:47,348][finetune_t5.py][line:52][INFO] [valid epoch 7] acc: 0.926, macro_f1: 0.928, micro_f1: 0.926, weighted_f1: 0.925
[2023-09-15 09:36:47,423][finetune_t5.py][line:42][INFO] The predicted label is not in label_id_list, its index is ['un']
[2023-09-15 09:36:47,426][finetune_t5.py][line:52][INFO] [valid epoch 7] acc: 0.929, macro_f1: 0.933, micro_f1: 0.929, weighted_f1: 0.928
[2023-09-15 09:36:47,502][finetune_t5.py][line:42][INFO] The predicted label is not in label_id_list, its index is ['true']
[2023-09-15 09:36:47,504][finetune_t5.py][line:52][INFO] [valid epoch 7] acc: 0.931, macro_f1: 0.933, micro_f1: 0.931, weighted_f1: 0.930
[2023-09-15 09:36:47,579][finetune_t5.py][line:42][INFO] The predicted label is not in label_id_list, its index is ['true']
[2023-09-15 09:36:47,581][finetune_t5.py][line:52][INFO] [valid epoch 7] acc: 0.933, macro_f1: 0.933, micro_f1: 0.933, weighted_f1: 0.933
[2023-09-15 09:36:47,582][finetune_t5.py][line:154][INFO] save model at epoch 7, macro_f1: 0.9333333333333333
[2023-09-15 09:37:56,517][finetune_t5.py][line:144][INFO] [train epoch 8] lr: 0.00000, loss: 12.808, acc: 0.800
[2023-09-15 09:37:56,977][finetune_t5.py][line:144][INFO] [train epoch 8] lr: 0.00000, loss: 11.235, acc: 0.800
[2023-09-15 09:37:57,534][finetune_t5.py][line:144][INFO] [train epoch 8] lr: 0.00000, loss: 7.561, acc: 0.800
[2023-09-15 09:37:57,992][finetune_t5.py][line:144][INFO] [train epoch 8] lr: 0.00000, loss: 7.227, acc: 0.700
[2023-09-15 09:37:58,441][finetune_t5.py][line:144][INFO] [train epoch 8] lr: 0.00000, loss: 6.958, acc: 0.720
[2023-09-15 09:37:58,897][finetune_t5.py][line:144][INFO] [train epoch 8] lr: 0.00000, loss: 7.554, acc: 0.700
[2023-09-15 09:37:59,194][finetune_t5.py][line:42][INFO] The predicted label is not in label_id_list, its index is ['true']
[2023-09-15 09:37:59,197][finetune_t5.py][line:52][INFO] [valid epoch 8] acc: 1.000, macro_f1: 1.000, micro_f1: 1.000, weighted_f1: 1.000
[2023-09-15 09:37:59,280][finetune_t5.py][line:42][INFO] The predicted label is not in label_id_list, its index is ['un']
[2023-09-15 09:37:59,283][finetune_t5.py][line:52][INFO] [valid epoch 8] acc: 1.000, macro_f1: 1.000, micro_f1: 1.000, weighted_f1: 1.000
[2023-09-15 09:37:59,380][finetune_t5.py][line:42][INFO] The predicted label is not in label_id_list, its index is ['false']
[2023-09-15 09:37:59,382][finetune_t5.py][line:52][INFO] [valid epoch 8] acc: 1.000, macro_f1: 1.000, micro_f1: 1.000, weighted_f1: 1.000
[2023-09-15 09:37:59,464][finetune_t5.py][line:42][INFO] The predicted label is not in label_id_list, its index is ['false']
[2023-09-15 09:37:59,467][finetune_t5.py][line:52][INFO] [valid epoch 8] acc: 1.000, macro_f1: 1.000, micro_f1: 1.000, weighted_f1: 1.000
[2023-09-15 09:37:59,549][finetune_t5.py][line:42][INFO] The predicted label is not in label_id_list, its index is ['true']
[2023-09-15 09:37:59,552][finetune_t5.py][line:52][INFO] [valid epoch 8] acc: 1.000, macro_f1: 1.000, micro_f1: 1.000, weighted_f1: 1.000
[2023-09-15 09:37:59,634][finetune_t5.py][line:42][INFO] The predicted label is not in label_id_list, its index is ['false']
[2023-09-15 09:37:59,637][finetune_t5.py][line:52][INFO] [valid epoch 8] acc: 1.000, macro_f1: 1.000, micro_f1: 1.000, weighted_f1: 1.000
[2023-09-15 09:37:59,719][finetune_t5.py][line:42][INFO] The predicted label is not in label_id_list, its index is ['un']
[2023-09-15 09:37:59,722][finetune_t5.py][line:52][INFO] [valid epoch 8] acc: 1.000, macro_f1: 1.000, micro_f1: 1.000, weighted_f1: 1.000
[2023-09-15 09:37:59,804][finetune_t5.py][line:42][INFO] The predicted label is not in label_id_list, its index is ['false']
[2023-09-15 09:37:59,807][finetune_t5.py][line:52][INFO] [valid epoch 8] acc: 1.000, macro_f1: 1.000, micro_f1: 1.000, weighted_f1: 1.000
[2023-09-15 09:37:59,890][finetune_t5.py][line:42][INFO] The predicted label is not in label_id_list, its index is ['false']
[2023-09-15 09:37:59,892][finetune_t5.py][line:52][INFO] [valid epoch 8] acc: 0.889, macro_f1: 0.896, micro_f1: 0.889, weighted_f1: 0.884
[2023-09-15 09:37:59,975][finetune_t5.py][line:42][INFO] The predicted label is not in label_id_list, its index is ['false']
[2023-09-15 09:37:59,978][finetune_t5.py][line:52][INFO] [valid epoch 8] acc: 0.800, macro_f1: 0.822, micro_f1: 0.800, weighted_f1: 0.787
[2023-09-15 09:38:00,060][finetune_t5.py][line:42][INFO] The predicted label is not in label_id_list, its index is ['true']
[2023-09-15 09:38:00,063][finetune_t5.py][line:52][INFO] [valid epoch 8] acc: 0.818, macro_f1: 0.822, micro_f1: 0.818, weighted_f1: 0.806
[2023-09-15 09:38:00,145][finetune_t5.py][line:42][INFO] The predicted label is not in label_id_list, its index is ['false']
[2023-09-15 09:38:00,148][finetune_t5.py][line:52][INFO] [valid epoch 8] acc: 0.833, macro_f1: 0.833, micro_f1: 0.833, weighted_f1: 0.819
[2023-09-15 09:38:00,234][finetune_t5.py][line:42][INFO] The predicted label is not in label_id_list, its index is ['true']
[2023-09-15 09:38:00,237][finetune_t5.py][line:52][INFO] [valid epoch 8] acc: 0.846, macro_f1: 0.833, micro_f1: 0.846, weighted_f1: 0.833
[2023-09-15 09:38:00,318][finetune_t5.py][line:42][INFO] The predicted label is not in label_id_list, its index is ['false']
[2023-09-15 09:38:00,321][finetune_t5.py][line:52][INFO] [valid epoch 8] acc: 0.857, macro_f1: 0.841, micro_f1: 0.857, weighted_f1: 0.844
[2023-09-15 09:38:00,411][finetune_t5.py][line:42][INFO] The predicted label is not in label_id_list, its index is ['false']
[2023-09-15 09:38:00,414][finetune_t5.py][line:52][INFO] [valid epoch 8] acc: 0.867, macro_f1: 0.847, micro_f1: 0.867, weighted_f1: 0.853
[2023-09-15 09:38:00,496][finetune_t5.py][line:42][INFO] The predicted label is not in label_id_list, its index is ['un']
[2023-09-15 09:38:00,499][finetune_t5.py][line:52][INFO] [valid epoch 8] acc: 0.875, macro_f1: 0.875, micro_f1: 0.875, weighted_f1: 0.867
[2023-09-15 09:38:00,582][finetune_t5.py][line:42][INFO] The predicted label is not in label_id_list, its index is ['un']
[2023-09-15 09:38:00,585][finetune_t5.py][line:52][INFO] [valid epoch 8] acc: 0.882, macro_f1: 0.892, micro_f1: 0.882, weighted_f1: 0.878
[2023-09-15 09:38:00,667][finetune_t5.py][line:42][INFO] The predicted label is not in label_id_list, its index is ['false']
[2023-09-15 09:38:00,670][finetune_t5.py][line:52][INFO] [valid epoch 8] acc: 0.889, macro_f1: 0.896, micro_f1: 0.889, weighted_f1: 0.884
[2023-09-15 09:38:00,752][finetune_t5.py][line:42][INFO] The predicted label is not in label_id_list, its index is ['true']
[2023-09-15 09:38:00,755][finetune_t5.py][line:52][INFO] [valid epoch 8] acc: 0.895, macro_f1: 0.896, micro_f1: 0.895, weighted_f1: 0.890
[2023-09-15 09:38:00,831][finetune_t5.py][line:42][INFO] The predicted label is not in label_id_list, its index is ['un']
[2023-09-15 09:38:00,833][finetune_t5.py][line:52][INFO] [valid epoch 8] acc: 0.900, macro_f1: 0.907, micro_f1: 0.900, weighted_f1: 0.897
[2023-09-15 09:38:00,909][finetune_t5.py][line:42][INFO] The predicted label is not in label_id_list, its index is ['true']
[2023-09-15 09:38:00,911][finetune_t5.py][line:52][INFO] [valid epoch 8] acc: 0.905, macro_f1: 0.907, micro_f1: 0.905, weighted_f1: 0.902
[2023-09-15 09:38:00,984][finetune_t5.py][line:42][INFO] The predicted label is not in label_id_list, its index is ['true']
[2023-09-15 09:38:00,986][finetune_t5.py][line:52][INFO] [valid epoch 8] acc: 0.909, macro_f1: 0.907, micro_f1: 0.909, weighted_f1: 0.907
[2023-09-15 09:38:01,060][finetune_t5.py][line:42][INFO] The predicted label is not in label_id_list, its index is ['true']
[2023-09-15 09:38:01,062][finetune_t5.py][line:52][INFO] [valid epoch 8] acc: 0.913, macro_f1: 0.907, micro_f1: 0.913, weighted_f1: 0.911
[2023-09-15 09:38:01,136][finetune_t5.py][line:42][INFO] The predicted label is not in label_id_list, its index is ['false']
[2023-09-15 09:38:01,138][finetune_t5.py][line:52][INFO] [valid epoch 8] acc: 0.917, macro_f1: 0.911, micro_f1: 0.917, weighted_f1: 0.914
[2023-09-15 09:38:01,211][finetune_t5.py][line:42][INFO] The predicted label is not in label_id_list, its index is ['false']
[2023-09-15 09:38:01,213][finetune_t5.py][line:52][INFO] [valid epoch 8] acc: 0.920, macro_f1: 0.914, micro_f1: 0.920, weighted_f1: 0.917
[2023-09-15 09:38:01,287][finetune_t5.py][line:42][INFO] The predicted label is not in label_id_list, its index is ['un']
[2023-09-15 09:38:01,289][finetune_t5.py][line:52][INFO] [valid epoch 8] acc: 0.923, macro_f1: 0.922, micro_f1: 0.923, weighted_f1: 0.921
[2023-09-15 09:38:01,361][finetune_t5.py][line:42][INFO] The predicted label is not in label_id_list, its index is ['un']
[2023-09-15 09:38:01,363][finetune_t5.py][line:52][INFO] [valid epoch 8] acc: 0.926, macro_f1: 0.928, micro_f1: 0.926, weighted_f1: 0.925
[2023-09-15 09:38:01,437][finetune_t5.py][line:42][INFO] The predicted label is not in label_id_list, its index is ['un']
[2023-09-15 09:38:01,439][finetune_t5.py][line:52][INFO] [valid epoch 8] acc: 0.929, macro_f1: 0.933, micro_f1: 0.929, weighted_f1: 0.928
[2023-09-15 09:38:01,511][finetune_t5.py][line:42][INFO] The predicted label is not in label_id_list, its index is ['true']
[2023-09-15 09:38:01,513][finetune_t5.py][line:52][INFO] [valid epoch 8] acc: 0.931, macro_f1: 0.933, micro_f1: 0.931, weighted_f1: 0.930
[2023-09-15 09:38:01,589][finetune_t5.py][line:42][INFO] The predicted label is not in label_id_list, its index is ['true']
[2023-09-15 09:38:01,591][finetune_t5.py][line:52][INFO] [valid epoch 8] acc: 0.933, macro_f1: 0.933, micro_f1: 0.933, weighted_f1: 0.933
[2023-09-15 09:38:01,833][finetune_t5.py][line:144][INFO] [train epoch 9] lr: 0.00000, loss: 10.444, acc: 0.800
[2023-09-15 09:38:02,274][finetune_t5.py][line:144][INFO] [train epoch 9] lr: 0.00000, loss: 9.169, acc: 0.900
[2023-09-15 09:38:02,829][finetune_t5.py][line:144][INFO] [train epoch 9] lr: 0.00000, loss: 6.129, acc: 0.933
[2023-09-15 09:38:03,280][finetune_t5.py][line:144][INFO] [train epoch 9] lr: 0.00000, loss: 5.835, acc: 0.850
[2023-09-15 09:38:03,746][finetune_t5.py][line:144][INFO] [train epoch 9] lr: 0.00000, loss: 5.945, acc: 0.840
[2023-09-15 09:38:04,209][finetune_t5.py][line:144][INFO] [train epoch 9] lr: 0.00000, loss: 6.398, acc: 0.833
[2023-09-15 09:38:04,506][finetune_t5.py][line:42][INFO] The predicted label is not in label_id_list, its index is ['true']
[2023-09-15 09:38:04,509][finetune_t5.py][line:52][INFO] [valid epoch 9] acc: 1.000, macro_f1: 1.000, micro_f1: 1.000, weighted_f1: 1.000
[2023-09-15 09:38:04,591][finetune_t5.py][line:42][INFO] The predicted label is not in label_id_list, its index is ['un']
[2023-09-15 09:38:04,594][finetune_t5.py][line:52][INFO] [valid epoch 9] acc: 1.000, macro_f1: 1.000, micro_f1: 1.000, weighted_f1: 1.000
[2023-09-15 09:38:04,700][finetune_t5.py][line:42][INFO] The predicted label is not in label_id_list, its index is ['false']
[2023-09-15 09:38:04,703][finetune_t5.py][line:52][INFO] [valid epoch 9] acc: 1.000, macro_f1: 1.000, micro_f1: 1.000, weighted_f1: 1.000
[2023-09-15 09:38:04,791][finetune_t5.py][line:42][INFO] The predicted label is not in label_id_list, its index is ['false']
[2023-09-15 09:38:04,795][finetune_t5.py][line:52][INFO] [valid epoch 9] acc: 1.000, macro_f1: 1.000, micro_f1: 1.000, weighted_f1: 1.000
[2023-09-15 09:38:04,878][finetune_t5.py][line:42][INFO] The predicted label is not in label_id_list, its index is ['true']
[2023-09-15 09:38:04,881][finetune_t5.py][line:52][INFO] [valid epoch 9] acc: 1.000, macro_f1: 1.000, micro_f1: 1.000, weighted_f1: 1.000
[2023-09-15 09:38:04,963][finetune_t5.py][line:42][INFO] The predicted label is not in label_id_list, its index is ['false']
[2023-09-15 09:38:04,966][finetune_t5.py][line:52][INFO] [valid epoch 9] acc: 1.000, macro_f1: 1.000, micro_f1: 1.000, weighted_f1: 1.000
[2023-09-15 09:38:05,048][finetune_t5.py][line:42][INFO] The predicted label is not in label_id_list, its index is ['un']
[2023-09-15 09:38:05,050][finetune_t5.py][line:52][INFO] [valid epoch 9] acc: 1.000, macro_f1: 1.000, micro_f1: 1.000, weighted_f1: 1.000
[2023-09-15 09:38:05,133][finetune_t5.py][line:42][INFO] The predicted label is not in label_id_list, its index is ['false']
[2023-09-15 09:38:05,136][finetune_t5.py][line:52][INFO] [valid epoch 9] acc: 1.000, macro_f1: 1.000, micro_f1: 1.000, weighted_f1: 1.000
[2023-09-15 09:38:05,219][finetune_t5.py][line:42][INFO] The predicted label is not in label_id_list, its index is ['false']
[2023-09-15 09:38:05,221][finetune_t5.py][line:52][INFO] [valid epoch 9] acc: 0.889, macro_f1: 0.896, micro_f1: 0.889, weighted_f1: 0.884
[2023-09-15 09:38:05,316][finetune_t5.py][line:42][INFO] The predicted label is not in label_id_list, its index is ['false']
[2023-09-15 09:38:05,319][finetune_t5.py][line:52][INFO] [valid epoch 9] acc: 0.800, macro_f1: 0.822, micro_f1: 0.800, weighted_f1: 0.787
[2023-09-15 09:38:05,402][finetune_t5.py][line:42][INFO] The predicted label is not in label_id_list, its index is ['true']
[2023-09-15 09:38:05,405][finetune_t5.py][line:52][INFO] [valid epoch 9] acc: 0.818, macro_f1: 0.822, micro_f1: 0.818, weighted_f1: 0.806
[2023-09-15 09:38:05,487][finetune_t5.py][line:42][INFO] The predicted label is not in label_id_list, its index is ['false']
[2023-09-15 09:38:05,489][finetune_t5.py][line:52][INFO] [valid epoch 9] acc: 0.833, macro_f1: 0.833, micro_f1: 0.833, weighted_f1: 0.819
[2023-09-15 09:38:05,575][finetune_t5.py][line:42][INFO] The predicted label is not in label_id_list, its index is ['true']
[2023-09-15 09:38:05,578][finetune_t5.py][line:52][INFO] [valid epoch 9] acc: 0.846, macro_f1: 0.833, micro_f1: 0.846, weighted_f1: 0.833
[2023-09-15 09:38:05,660][finetune_t5.py][line:42][INFO] The predicted label is not in label_id_list, its index is ['false']
[2023-09-15 09:38:05,663][finetune_t5.py][line:52][INFO] [valid epoch 9] acc: 0.857, macro_f1: 0.841, micro_f1: 0.857, weighted_f1: 0.844
[2023-09-15 09:38:05,746][finetune_t5.py][line:42][INFO] The predicted label is not in label_id_list, its index is ['false']
[2023-09-15 09:38:05,749][finetune_t5.py][line:52][INFO] [valid epoch 9] acc: 0.867, macro_f1: 0.847, micro_f1: 0.867, weighted_f1: 0.853
[2023-09-15 09:38:05,834][finetune_t5.py][line:42][INFO] The predicted label is not in label_id_list, its index is ['un']
[2023-09-15 09:38:05,837][finetune_t5.py][line:52][INFO] [valid epoch 9] acc: 0.875, macro_f1: 0.875, micro_f1: 0.875, weighted_f1: 0.867
[2023-09-15 09:38:05,926][finetune_t5.py][line:42][INFO] The predicted label is not in label_id_list, its index is ['un']
[2023-09-15 09:38:05,929][finetune_t5.py][line:52][INFO] [valid epoch 9] acc: 0.882, macro_f1: 0.892, micro_f1: 0.882, weighted_f1: 0.878
[2023-09-15 09:38:06,012][finetune_t5.py][line:42][INFO] The predicted label is not in label_id_list, its index is ['false']
[2023-09-15 09:38:06,015][finetune_t5.py][line:52][INFO] [valid epoch 9] acc: 0.889, macro_f1: 0.896, micro_f1: 0.889, weighted_f1: 0.884
[2023-09-15 09:38:06,097][finetune_t5.py][line:42][INFO] The predicted label is not in label_id_list, its index is ['true']
[2023-09-15 09:38:06,100][finetune_t5.py][line:52][INFO] [valid epoch 9] acc: 0.895, macro_f1: 0.896, micro_f1: 0.895, weighted_f1: 0.890
[2023-09-15 09:38:06,182][finetune_t5.py][line:42][INFO] The predicted label is not in label_id_list, its index is ['un']
[2023-09-15 09:38:06,184][finetune_t5.py][line:52][INFO] [valid epoch 9] acc: 0.900, macro_f1: 0.907, micro_f1: 0.900, weighted_f1: 0.897
[2023-09-15 09:38:06,273][finetune_t5.py][line:42][INFO] The predicted label is not in label_id_list, its index is ['true']
[2023-09-15 09:38:06,276][finetune_t5.py][line:52][INFO] [valid epoch 9] acc: 0.905, macro_f1: 0.907, micro_f1: 0.905, weighted_f1: 0.902
[2023-09-15 09:38:06,359][finetune_t5.py][line:42][INFO] The predicted label is not in label_id_list, its index is ['true']
[2023-09-15 09:38:06,362][finetune_t5.py][line:52][INFO] [valid epoch 9] acc: 0.909, macro_f1: 0.907, micro_f1: 0.909, weighted_f1: 0.907
[2023-09-15 09:38:06,444][finetune_t5.py][line:42][INFO] The predicted label is not in label_id_list, its index is ['true']
[2023-09-15 09:38:06,447][finetune_t5.py][line:52][INFO] [valid epoch 9] acc: 0.913, macro_f1: 0.907, micro_f1: 0.913, weighted_f1: 0.911
[2023-09-15 09:38:06,536][finetune_t5.py][line:42][INFO] The predicted label is not in label_id_list, its index is ['false']
[2023-09-15 09:38:06,539][finetune_t5.py][line:52][INFO] [valid epoch 9] acc: 0.917, macro_f1: 0.911, micro_f1: 0.917, weighted_f1: 0.914
[2023-09-15 09:38:06,622][finetune_t5.py][line:42][INFO] The predicted label is not in label_id_list, its index is ['false']
[2023-09-15 09:38:06,625][finetune_t5.py][line:52][INFO] [valid epoch 9] acc: 0.920, macro_f1: 0.914, micro_f1: 0.920, weighted_f1: 0.917
[2023-09-15 09:38:06,708][finetune_t5.py][line:42][INFO] The predicted label is not in label_id_list, its index is ['un']
[2023-09-15 09:38:06,710][finetune_t5.py][line:52][INFO] [valid epoch 9] acc: 0.923, macro_f1: 0.922, micro_f1: 0.923, weighted_f1: 0.921
[2023-09-15 09:38:06,789][finetune_t5.py][line:42][INFO] The predicted label is not in label_id_list, its index is ['un']
[2023-09-15 09:38:06,792][finetune_t5.py][line:52][INFO] [valid epoch 9] acc: 0.926, macro_f1: 0.928, micro_f1: 0.926, weighted_f1: 0.925
[2023-09-15 09:38:06,868][finetune_t5.py][line:42][INFO] The predicted label is not in label_id_list, its index is ['un']
[2023-09-15 09:38:06,870][finetune_t5.py][line:52][INFO] [valid epoch 9] acc: 0.929, macro_f1: 0.933, micro_f1: 0.929, weighted_f1: 0.928
[2023-09-15 09:38:06,950][finetune_t5.py][line:42][INFO] The predicted label is not in label_id_list, its index is ['true']
[2023-09-15 09:38:06,953][finetune_t5.py][line:52][INFO] [valid epoch 9] acc: 0.931, macro_f1: 0.933, micro_f1: 0.931, weighted_f1: 0.930
[2023-09-15 09:38:07,035][finetune_t5.py][line:42][INFO] The predicted label is not in label_id_list, its index is ['true']
[2023-09-15 09:38:07,038][finetune_t5.py][line:52][INFO] [valid epoch 9] acc: 0.933, macro_f1: 0.933, micro_f1: 0.933, weighted_f1: 0.933
