[2023-09-18 14:23:01,558][generate_program.py][line:84][INFO] Namespace(data_path='./data/', dataset_name='FEVER', fp16=True, gpu=3, log_path='./logs/', max_new_tokens=128, mode='test', model_name='aquilacode-7b-nv', model_path='../checkpoints_in/', num_eval_samples=-1, num_programs_per_example=3, save_path='./results/programs', task_name='lm', use_cache=True, use_cuda=True)
[2023-09-18 14:23:01,558][generate_program.py][line:87][INFO] loading data......
[2023-09-18 14:23:01,602][generate_program.py][line:94][INFO] loading model......
[2023-09-18 14:24:30,445][generate_program.py][line:55][INFO] Generating programs for iteration 1...
[2023-09-18 14:25:00,291][generate_program.py][line:63][INFO] Successfully generate reasoing programs for example: 113501
[2023-09-18 14:25:29,166][generate_program.py][line:63][INFO] Successfully generate reasoing programs for example: 163803
[2023-09-18 14:25:58,622][generate_program.py][line:63][INFO] Successfully generate reasoing programs for example: 70041
[2023-09-18 14:26:28,500][generate_program.py][line:63][INFO] Successfully generate reasoing programs for example: 202314
[2023-09-18 14:26:59,967][generate_program.py][line:63][INFO] Successfully generate reasoing programs for example: 57085
[2023-09-18 14:27:30,708][generate_program.py][line:63][INFO] Successfully generate reasoing programs for example: 6032
[2023-09-18 14:28:00,663][generate_program.py][line:63][INFO] Successfully generate reasoing programs for example: 176630
[2023-09-18 14:28:30,583][generate_program.py][line:63][INFO] Successfully generate reasoing programs for example: 130048
[2023-09-18 14:28:32,902][generate_program.py][line:63][INFO] Successfully generate reasoing programs for example: 100046
[2023-09-18 14:29:02,901][generate_program.py][line:63][INFO] Successfully generate reasoing programs for example: 204575
[2023-09-18 14:29:20,277][generate_program.py][line:63][INFO] Successfully generate reasoing programs for example: 107539
[2023-09-18 14:29:50,141][generate_program.py][line:63][INFO] Successfully generate reasoing programs for example: 164883
[2023-09-18 14:30:19,725][generate_program.py][line:63][INFO] Successfully generate reasoing programs for example: 54298
[2023-09-18 14:30:50,425][generate_program.py][line:63][INFO] Successfully generate reasoing programs for example: 222749
[2023-09-18 14:31:20,565][generate_program.py][line:63][INFO] Successfully generate reasoing programs for example: 219675
[2023-09-18 14:31:50,553][generate_program.py][line:63][INFO] Successfully generate reasoing programs for example: 134850
[2023-09-18 14:32:21,028][generate_program.py][line:63][INFO] Successfully generate reasoing programs for example: 124578
[2023-09-18 14:32:50,714][generate_program.py][line:63][INFO] Successfully generate reasoing programs for example: 134126
[2023-09-18 14:33:20,597][generate_program.py][line:63][INFO] Successfully generate reasoing programs for example: 125577
[2023-09-18 14:33:50,126][generate_program.py][line:63][INFO] Successfully generate reasoing programs for example: 132244
[2023-09-18 14:34:20,521][generate_program.py][line:63][INFO] Successfully generate reasoing programs for example: 225798
[2023-09-18 14:34:50,410][generate_program.py][line:63][INFO] Successfully generate reasoing programs for example: 46810
[2023-09-18 14:35:20,266][generate_program.py][line:63][INFO] Successfully generate reasoing programs for example: 85923
[2023-09-18 14:35:50,550][generate_program.py][line:63][INFO] Successfully generate reasoing programs for example: 181252
[2023-09-18 14:36:17,667][generate_program.py][line:63][INFO] Successfully generate reasoing programs for example: 1933
[2023-09-18 14:36:47,758][generate_program.py][line:63][INFO] Successfully generate reasoing programs for example: 88894
[2023-09-18 14:37:17,547][generate_program.py][line:63][INFO] Successfully generate reasoing programs for example: 17915
[2023-09-18 14:37:47,450][generate_program.py][line:63][INFO] Successfully generate reasoing programs for example: 58396
[2023-09-18 14:38:17,208][generate_program.py][line:63][INFO] Successfully generate reasoing programs for example: 150751
[2023-09-18 14:38:47,197][generate_program.py][line:63][INFO] Successfully generate reasoing programs for example: 179831
[2023-09-18 14:39:17,109][generate_program.py][line:63][INFO] Successfully generate reasoing programs for example: 223218
[2023-09-18 14:39:47,181][generate_program.py][line:63][INFO] Successfully generate reasoing programs for example: 7429
[2023-09-18 14:40:17,147][generate_program.py][line:63][INFO] Successfully generate reasoing programs for example: 11538
[2023-09-18 14:40:47,160][generate_program.py][line:63][INFO] Successfully generate reasoing programs for example: 19068
[2023-09-18 14:41:17,397][generate_program.py][line:63][INFO] Successfully generate reasoing programs for example: 175438
[2023-09-18 14:41:48,810][generate_program.py][line:63][INFO] Successfully generate reasoing programs for example: 11492
[2023-09-18 14:42:18,312][generate_program.py][line:63][INFO] Successfully generate reasoing programs for example: 164502
[2023-09-18 14:42:48,002][generate_program.py][line:63][INFO] Successfully generate reasoing programs for example: 80212
[2023-09-18 14:43:18,171][generate_program.py][line:63][INFO] Successfully generate reasoing programs for example: 142793
[2023-09-18 14:43:48,187][generate_program.py][line:63][INFO] Successfully generate reasoing programs for example: 118448
[2023-09-18 14:44:18,172][generate_program.py][line:63][INFO] Successfully generate reasoing programs for example: 106308
[2023-09-18 14:44:48,104][generate_program.py][line:63][INFO] Successfully generate reasoing programs for example: 83527
[2023-09-18 14:45:18,027][generate_program.py][line:63][INFO] Successfully generate reasoing programs for example: 119227
[2023-09-18 14:45:47,718][generate_program.py][line:63][INFO] Successfully generate reasoing programs for example: 30108
[2023-09-18 14:46:17,510][generate_program.py][line:63][INFO] Successfully generate reasoing programs for example: 8404
[2023-09-18 14:46:47,219][generate_program.py][line:63][INFO] Successfully generate reasoing programs for example: 85093
[2023-09-18 14:47:17,194][generate_program.py][line:63][INFO] Successfully generate reasoing programs for example: 89521
[2023-09-18 14:47:47,402][generate_program.py][line:63][INFO] Successfully generate reasoing programs for example: 50942
[2023-09-18 14:48:17,596][generate_program.py][line:63][INFO] Successfully generate reasoing programs for example: 35804
[2023-09-18 14:48:47,270][generate_program.py][line:63][INFO] Successfully generate reasoing programs for example: 132874
[2023-09-18 14:49:16,756][generate_program.py][line:63][INFO] Successfully generate reasoing programs for example: 75311
[2023-09-18 14:49:46,362][generate_program.py][line:63][INFO] Successfully generate reasoing programs for example: 195244
[2023-09-18 14:50:15,941][generate_program.py][line:63][INFO] Successfully generate reasoing programs for example: 102597
[2023-09-18 14:50:46,987][generate_program.py][line:63][INFO] Successfully generate reasoing programs for example: 47482
[2023-09-18 14:51:19,307][generate_program.py][line:63][INFO] Successfully generate reasoing programs for example: 55615
[2023-09-18 14:51:49,189][generate_program.py][line:63][INFO] Successfully generate reasoing programs for example: 194750
[2023-09-18 14:52:22,122][generate_program.py][line:63][INFO] Successfully generate reasoing programs for example: 69108
[2023-09-18 14:52:54,864][generate_program.py][line:63][INFO] Successfully generate reasoing programs for example: 211019
[2023-09-18 14:53:26,901][generate_program.py][line:63][INFO] Successfully generate reasoing programs for example: 81765
[2023-09-18 14:53:58,842][generate_program.py][line:63][INFO] Successfully generate reasoing programs for example: 44397
[2023-09-18 14:54:29,121][generate_program.py][line:63][INFO] Successfully generate reasoing programs for example: 52287
[2023-09-18 14:54:59,636][generate_program.py][line:63][INFO] Successfully generate reasoing programs for example: 86670
[2023-09-18 14:55:29,753][generate_program.py][line:63][INFO] Successfully generate reasoing programs for example: 192784
[2023-09-18 14:55:59,149][generate_program.py][line:63][INFO] Successfully generate reasoing programs for example: 2961
[2023-09-18 14:56:29,049][generate_program.py][line:63][INFO] Successfully generate reasoing programs for example: 162206
[2023-09-18 14:56:59,494][generate_program.py][line:63][INFO] Successfully generate reasoing programs for example: 195202
[2023-09-18 14:57:29,420][generate_program.py][line:63][INFO] Successfully generate reasoing programs for example: 178219
[2023-09-18 14:58:00,129][generate_program.py][line:63][INFO] Successfully generate reasoing programs for example: 49775
[2023-09-18 14:58:30,089][generate_program.py][line:63][INFO] Successfully generate reasoing programs for example: 206030
[2023-09-18 14:58:59,952][generate_program.py][line:63][INFO] Successfully generate reasoing programs for example: 45394
[2023-09-18 14:59:04,803][generate_program.py][line:63][INFO] Successfully generate reasoing programs for example: 1799
[2023-09-18 14:59:34,519][generate_program.py][line:63][INFO] Successfully generate reasoing programs for example: 182695
[2023-09-18 15:00:04,739][generate_program.py][line:63][INFO] Successfully generate reasoing programs for example: 184285
[2023-09-18 15:00:34,377][generate_program.py][line:63][INFO] Successfully generate reasoing programs for example: 209109
[2023-09-18 15:01:04,517][generate_program.py][line:63][INFO] Successfully generate reasoing programs for example: 189867
[2023-09-18 15:01:34,255][generate_program.py][line:63][INFO] Successfully generate reasoing programs for example: 101407
[2023-09-18 15:02:04,288][generate_program.py][line:63][INFO] Successfully generate reasoing programs for example: 211022
[2023-09-18 15:02:34,712][generate_program.py][line:63][INFO] Successfully generate reasoing programs for example: 49169
[2023-09-18 15:03:04,302][generate_program.py][line:63][INFO] Successfully generate reasoing programs for example: 126261
[2023-09-18 15:03:33,949][generate_program.py][line:63][INFO] Successfully generate reasoing programs for example: 61136
[2023-09-18 15:04:03,308][generate_program.py][line:63][INFO] Successfully generate reasoing programs for example: 114158
[2023-09-18 15:04:33,342][generate_program.py][line:63][INFO] Successfully generate reasoing programs for example: 175864
[2023-09-18 15:05:03,216][generate_program.py][line:63][INFO] Successfully generate reasoing programs for example: 117767
[2023-09-18 15:05:33,003][generate_program.py][line:63][INFO] Successfully generate reasoing programs for example: 90291
[2023-09-18 15:06:02,958][generate_program.py][line:63][INFO] Successfully generate reasoing programs for example: 201605
[2023-09-18 15:06:32,588][generate_program.py][line:63][INFO] Successfully generate reasoing programs for example: 169328
[2023-09-18 15:07:02,796][generate_program.py][line:63][INFO] Successfully generate reasoing programs for example: 55024
[2023-09-18 15:07:04,981][generate_program.py][line:63][INFO] Successfully generate reasoing programs for example: 152656
[2023-09-18 15:07:34,882][generate_program.py][line:63][INFO] Successfully generate reasoing programs for example: 22368
[2023-09-18 15:08:04,728][generate_program.py][line:63][INFO] Successfully generate reasoing programs for example: 198546
[2023-09-18 15:08:34,816][generate_program.py][line:63][INFO] Successfully generate reasoing programs for example: 28788
[2023-09-18 15:09:04,799][generate_program.py][line:63][INFO] Successfully generate reasoing programs for example: 64885
[2023-09-18 15:09:34,885][generate_program.py][line:63][INFO] Successfully generate reasoing programs for example: 118395
[2023-09-18 15:10:04,546][generate_program.py][line:63][INFO] Successfully generate reasoing programs for example: 3483
[2023-09-18 15:10:34,848][generate_program.py][line:63][INFO] Successfully generate reasoing programs for example: 228681
[2023-09-18 15:11:04,782][generate_program.py][line:63][INFO] Successfully generate reasoing programs for example: 74648
[2023-09-18 15:11:34,354][generate_program.py][line:63][INFO] Successfully generate reasoing programs for example: 205109
[2023-09-18 15:12:04,199][generate_program.py][line:63][INFO] Successfully generate reasoing programs for example: 175450
[2023-09-18 15:12:34,014][generate_program.py][line:63][INFO] Successfully generate reasoing programs for example: 188975
[2023-09-18 15:13:03,919][generate_program.py][line:63][INFO] Successfully generate reasoing programs for example: 129789
[2023-09-18 15:13:34,250][generate_program.py][line:63][INFO] Successfully generate reasoing programs for example: 115065
[2023-09-18 15:14:03,881][generate_program.py][line:63][INFO] Successfully generate reasoing programs for example: 128004
[2023-09-18 15:14:33,665][generate_program.py][line:63][INFO] Successfully generate reasoing programs for example: 129672
[2023-09-18 15:15:03,814][generate_program.py][line:63][INFO] Successfully generate reasoing programs for example: 219200
[2023-09-18 15:15:34,067][generate_program.py][line:63][INFO] Successfully generate reasoing programs for example: 123153
[2023-09-18 15:16:04,133][generate_program.py][line:63][INFO] Successfully generate reasoing programs for example: 195124
[2023-09-18 15:16:34,150][generate_program.py][line:63][INFO] Successfully generate reasoing programs for example: 104562
[2023-09-18 15:17:04,842][generate_program.py][line:63][INFO] Successfully generate reasoing programs for example: 89156
[2023-09-18 15:17:34,324][generate_program.py][line:63][INFO] Successfully generate reasoing programs for example: 197660
[2023-09-18 15:18:04,239][generate_program.py][line:63][INFO] Successfully generate reasoing programs for example: 83942
[2023-09-18 15:18:33,723][generate_program.py][line:63][INFO] Successfully generate reasoing programs for example: 70280
[2023-09-18 15:19:03,785][generate_program.py][line:63][INFO] Successfully generate reasoing programs for example: 7581
[2023-09-18 15:19:33,710][generate_program.py][line:63][INFO] Successfully generate reasoing programs for example: 47848
[2023-09-18 15:20:03,754][generate_program.py][line:63][INFO] Successfully generate reasoing programs for example: 158017
[2023-09-18 15:20:34,028][generate_program.py][line:63][INFO] Successfully generate reasoing programs for example: 67148
[2023-09-18 15:21:05,524][generate_program.py][line:63][INFO] Successfully generate reasoing programs for example: 188138
[2023-09-18 15:21:37,507][generate_program.py][line:63][INFO] Successfully generate reasoing programs for example: 8317
[2023-09-18 15:22:08,297][generate_program.py][line:63][INFO] Successfully generate reasoing programs for example: 61233
[2023-09-18 15:22:38,682][generate_program.py][line:63][INFO] Successfully generate reasoing programs for example: 195926
[2023-09-18 15:23:09,585][generate_program.py][line:63][INFO] Successfully generate reasoing programs for example: 105645
[2023-09-18 15:23:40,552][generate_program.py][line:63][INFO] Successfully generate reasoing programs for example: 133374
